#
# A fatal error has been detected by the Java Runtime Environment:
#
#  EXCEPTION_ACCESS_VIOLATION (0xc0000005) at pc=0x00007ffd55ce445c, pid=22744, tid=27240
#
# JRE version: OpenJDK Runtime Environment Temurin-17.0.1+12 (17.0.1+12) (build 17.0.1+12)
# Java VM: OpenJDK 64-Bit Server VM Temurin-17.0.1+12 (17.0.1+12, mixed mode, tiered, compressed oops, compressed class ptrs, g1 gc, windows-amd64)
# Problematic frame:
# C  [igxelpicd64.dll+0x2445c]
#
# No core dump will be written. Minidumps are not enabled by default on client versions of Windows
#
# If you would like to submit a bug report, please visit:
#   https://github.com/adoptium/adoptium-support/issues
# The crash happened outside the Java Virtual Machine in native code.
# See problematic frame for where to report the bug.
#

---------------  S U M M A R Y ------------

Command Line: -ea -Dfile.encoding=Cp1252 -XX:+ShowCodeDetailsInExceptionMessages main.Main

Host: 11th Gen Intel(R) Core(TM) i7-11800H @ 2.30GHz, 16 cores, 15G,  Windows 10 , 64 bit Build 22000 (10.0.22000.613)
Time: Thu Apr 28 13:12:52 2022 Eastern Daylight Time elapsed time: 4.608901 seconds (0d 0h 0m 4s)

---------------  T H R E A D  ---------------

Current thread (0x000001e17cfb5f60):  JavaThread "main" [_thread_in_native, id=27240, stack(0x000000b37b800000,0x000000b37b900000)]

Stack: [0x000000b37b800000,0x000000b37b900000],  sp=0x000000b37b8b3710,  free space=717k
Native frames: (J=compiled Java code, j=interpreted, Vv=VM code, C=native code)
C  [igxelpicd64.dll+0x2445c]

Java frames: (J=compiled Java code, j=interpreted, Vv=VM code)
j  org.lwjgl.opengl.GL11C.nglDrawElements(IIIJ)V+0
j  org.lwjgl.opengl.GL11C.glDrawElements(IIIJ)V+4
j  org.lwjgl.opengl.GL11.glDrawElements(IIIJ)V+4
J 1171 c1 renderer.RenderBatch.render()V (249 bytes) @ 0x000001e103f123cc [0x000001e103f11700+0x0000000000000ccc]
J 1170 c1 renderer.Renderer.render()V (37 bytes) @ 0x000001e103f0bafc [0x000001e103f0b800+0x00000000000002fc]
J 1164 c1 scenes.TestScene.update(F)V (53 bytes) @ 0x000001e103f0a8fc [0x000001e103f0a420+0x00000000000004dc]
j  main.Window.loop()V+35
j  main.Window.run()V+29
j  main.Main.main([Ljava/lang/String;)V+5
v  ~StubRoutines::call_stub

siginfo: EXCEPTION_ACCESS_VIOLATION (0xc0000005), reading address 0xffffffffffffffff


Register to memory mapping:

RIP=0x00007ffd55ce445c igxelpicd64.dll
RAX=0x0000cf7558b9aef4 is an unknown value
RBX=0x0000000000000003 is an unknown value
RCX=0x0 is NULL
RDX=0x0000cf7558b9ade4 is an unknown value
RSP=0x000000b37b8b3710 is pointing into the stack for thread: 0x000001e17cfb5f60
RBP=0x000000b37b8b3810 is pointing into the stack for thread: 0x000001e17cfb5f60
RSI=0x000001e122f40f80 points into unknown readable memory: 0x000001e11da6ffc0 | c0 ff a6 1d e1 01 00 00
RDI=0x000001e1238377d0 points into unknown readable memory: 0x00007ffd567a6e28 | 28 6e 7a 56 fd 7f 00 00
R8 =0x0 is NULL
R9 =0x0 is NULL
R10=0x000000b37b8b45b8 is pointing into the stack for thread: 0x000001e17cfb5f60
R11=0x0 is NULL
R12=0x0000000000000003 is an unknown value
R13=0x000001e122f86a40 points into unknown readable memory: 0x0000b13411000001 | 01 00 00 11 34 b1 00 00
R14=0x0 is NULL
R15=0x000001e122f76690 points into unknown readable memory: 0x0000000000000000 | 00 00 00 00 00 00 00 00


Registers:
RAX=0x0000cf7558b9aef4, RBX=0x0000000000000003, RCX=0x0000000000000000, RDX=0x0000cf7558b9ade4
RSP=0x000000b37b8b3710, RBP=0x000000b37b8b3810, RSI=0x000001e122f40f80, RDI=0x000001e1238377d0
R8 =0x0000000000000000, R9 =0x0000000000000000, R10=0x000000b37b8b45b8, R11=0x0000000000000000
R12=0x0000000000000003, R13=0x000001e122f86a40, R14=0x0000000000000000, R15=0x000001e122f76690
RIP=0x00007ffd55ce445c, EFLAGS=0x0000000000010202

Top of Stack: (sp=0x000000b37b8b3710)
0x000000b37b8b3710:   000001e122f86a40 000001e122f40f80
0x000000b37b8b3720:   0000000000000000 000001e122f86fb0
0x000000b37b8b3730:   000001e122f86fb0 000001e122f81378
0x000000b37b8b3740:   000001e122f81384 000001e122f81390
0x000000b37b8b3750:   000001e122f8139c 000001e122f813a8
0x000000b37b8b3760:   000001e100000001 000001e122f813a8
0x000000b37b8b3770:   0000000000000001 0000000000000000
0x000000b37b8b3780:   0000000000000000 0000000000000000
0x000000b37b8b3790:   0000000000000001 000001e100000001
0x000000b37b8b37a0:   0000000000000010 000001e1ffffffff
0x000000b37b8b37b0:   0000000000000000 000001e1ffffffff
0x000000b37b8b37c0:   0000000000000000 000001e123460ca8
0x000000b37b8b37d0:   000001e120f70130 0000000000000000
0x000000b37b8b37e0:   000001e123460cb8 000000b37b8fdff0
0x000000b37b8b37f0:   000001e123460cb8 000001e11dbfcc90
0x000000b37b8b3800:   000001e122f86a40 000001e11d354640 

Instructions: (pc=0x00007ffd55ce445c)
0x00007ffd55ce435c:   00 42 38 84 27 36 01 00 00 0f 85 fe 00 00 00 48
0x00007ffd55ce436c:   8b 55 70 48 81 c2 c4 25 01 00 4a 8d 14 e2 4a 8d
0x00007ffd55ce437c:   1c cd 04 00 00 00 49 03 d8 48 81 fb 00 10 00 00
0x00007ffd55ce438c:   76 1e 48 85 d2 74 19 41 b8 08 00 00 00 48 8b cb
0x00007ffd55ce439c:   e8 9f 23 ff ff 4c 8b 4d b0 44 8b 9d 90 00 00 00
0x00007ffd55ce43ac:   4c 8b 95 90 0d 00 00 4d 85 d2 74 53 8b 0b 44 8b
0x00007ffd55ce43bc:   c1 41 81 e0 ff 0f 00 00 48 c1 e9 10 81 e1 ff 01
0x00007ffd55ce43cc:   00 00 48 8b 05 33 72 ee 00 8b 14 c8 48 c1 ea 10
0x00007ffd55ce43dc:   83 e2 3f 83 c2 03 83 e2 fc 8b 85 98 0d 00 00 48
0x00007ffd55ce43ec:   8d 0c 40 45 89 04 8a 41 89 54 8a 04 8b 45 90 41
0x00007ffd55ce43fc:   89 44 8a 08 ff 85 98 0d 00 00 03 c2 89 45 90 42
0x00007ffd55ce440c:   0f b6 84 8f 59 05 00 00 a8 08 0f 85 f0 45 93 00
0x00007ffd55ce441c:   4a 0f be 84 0f 2e 05 00 00 48 8b 94 c5 e0 a7 04
0x00007ffd55ce442c:   00 48 85 d2 0f 84 6a 01 00 00 8b 8e 80 17 04 00
0x00007ffd55ce443c:   41 8b dc 83 f9 10 0f 83 ff 09 00 00 48 8d 04 cd
0x00007ffd55ce444c:   22 00 00 00 48 03 c1 48 8d 04 c2 48 85 c0 74 0d
0x00007ffd55ce445c:   48 8b 50 08 48 85 d2 0f 85 21 19 00 00 41 ff c3
0x00007ffd55ce446c:   44 89 9d 90 00 00 00 ff c3 0f b6 87 ca 04 00 00
0x00007ffd55ce447c:   4c 8b 45 c0 44 3b d8 0f 82 69 fe ff ff 8b 55 88
0x00007ffd55ce448c:   44 8b 55 90 84 c0 0f 84 bb 45 93 00 48 8b 85 50
0x00007ffd55ce449c:   a1 04 00 80 b8 40 1c 04 00 00 0f 85 69 0d 00 00
0x00007ffd55ce44ac:   85 d2 0f 85 bb 15 00 00 44 8b 45 a8 8b 55 98 45
0x00007ffd55ce44bc:   39 85 94 4d 01 00 0f 85 ad 0d 00 00 41 39 95 98
0x00007ffd55ce44cc:   4d 01 00 0f 85 a0 0d 00 00 f7 86 d0 f9 03 00 00
0x00007ffd55ce44dc:   00 00 02 0f 85 90 0d 00 00 44 8b 55 60 44 8b 4d
0x00007ffd55ce44ec:   48 44 8b 45 40 45 39 95 9c 4d 01 00 0f 85 f5 0d
0x00007ffd55ce44fc:   00 00 45 39 8d a0 4d 01 00 0f 85 e8 0d 00 00 45
0x00007ffd55ce450c:   39 85 a4 4d 01 00 0f 85 db 0d 00 00 f7 86 d0 f9
0x00007ffd55ce451c:   03 00 00 00 00 02 0f 85 cb 0d 00 00 4c 8b ae 78
0x00007ffd55ce452c:   54 03 00 48 8b 85 00 9d 04 00 80 b8 40 1c 04 00
0x00007ffd55ce453c:   00 74 61 8b bd 18 a1 04 00 85 ff 74 57 48 8b 9d
0x00007ffd55ce454c:   10 a1 04 00 44 8b 63 28 8b 85 20 a1 04 00 2b 43 


Stack slot to memory mapping:
stack at sp + 0 slots: 0x000001e122f86a40 points into unknown readable memory: 0x0000b13411000001 | 01 00 00 11 34 b1 00 00
stack at sp + 1 slots: 0x000001e122f40f80 points into unknown readable memory: 0x000001e11da6ffc0 | c0 ff a6 1d e1 01 00 00
stack at sp + 2 slots: 0x0 is NULL
stack at sp + 3 slots: 0x000001e122f86fb0 points into unknown readable memory: 0x0000040278130002 | 02 00 13 78 02 04 00 00
stack at sp + 4 slots: 0x000001e122f86fb0 points into unknown readable memory: 0x0000040278130002 | 02 00 13 78 02 04 00 00
stack at sp + 5 slots: 0x000001e122f81378 points into unknown readable memory: 0x00000a0000000001 | 01 00 00 00 00 0a 00 00
stack at sp + 6 slots: 0x000001e122f81384 points into unknown readable memory: 01 00 00 00
stack at sp + 7 slots: 0x000001e122f81390 points into unknown readable memory: 0x0000000000000000 | 00 00 00 00 00 00 00 00


---------------  P R O C E S S  ---------------

Threads class SMR info:
_java_thread_list=0x000001e12388eab0, length=16, elements={
0x000001e17cfb5f60, 0x000001e11d027110, 0x000001e11d02a9f0, 0x000001e11d04e7b0,
0x000001e11d076370, 0x000001e11d078c40, 0x000001e11d079500, 0x000001e11d09e020,
0x000001e11d09e920, 0x000001e11d0a7230, 0x000001e11d32b4a0, 0x000001e11d345a50,
0x000001e11d350e90, 0x000001e1232a17c0, 0x000001e11d83cc20, 0x000001e123455d50
}

Java Threads: ( => current thread )
=>0x000001e17cfb5f60 JavaThread "main" [_thread_in_native, id=27240, stack(0x000000b37b800000,0x000000b37b900000)]
  0x000001e11d027110 JavaThread "Reference Handler" daemon [_thread_blocked, id=1592, stack(0x000000b37bf00000,0x000000b37c000000)]
  0x000001e11d02a9f0 JavaThread "Finalizer" daemon [_thread_blocked, id=28256, stack(0x000000b37c000000,0x000000b37c100000)]
  0x000001e11d04e7b0 JavaThread "Signal Dispatcher" daemon [_thread_blocked, id=32164, stack(0x000000b37c100000,0x000000b37c200000)]
  0x000001e11d076370 JavaThread "Attach Listener" daemon [_thread_blocked, id=9724, stack(0x000000b37c200000,0x000000b37c300000)]
  0x000001e11d078c40 JavaThread "Service Thread" daemon [_thread_blocked, id=17236, stack(0x000000b37c300000,0x000000b37c400000)]
  0x000001e11d079500 JavaThread "Monitor Deflation Thread" daemon [_thread_blocked, id=31532, stack(0x000000b37c400000,0x000000b37c500000)]
  0x000001e11d09e020 JavaThread "C2 CompilerThread0" daemon [_thread_blocked, id=31356, stack(0x000000b37c500000,0x000000b37c600000)]
  0x000001e11d09e920 JavaThread "C1 CompilerThread0" daemon [_thread_blocked, id=19748, stack(0x000000b37c600000,0x000000b37c700000)]
  0x000001e11d0a7230 JavaThread "Sweeper thread" daemon [_thread_blocked, id=32524, stack(0x000000b37c700000,0x000000b37c800000)]
  0x000001e11d32b4a0 JavaThread "C1 CompilerThread1" daemon [_thread_blocked, id=27012, stack(0x000000b37c800000,0x000000b37c900000)]
  0x000001e11d345a50 JavaThread "Notification Thread" daemon [_thread_blocked, id=28528, stack(0x000000b37c900000,0x000000b37ca00000)]
  0x000001e11d350e90 JavaThread "Common-Cleaner" daemon [_thread_blocked, id=23412, stack(0x000000b37cb00000,0x000000b37cc00000)]
  0x000001e1232a17c0 JavaThread "C1 CompilerThread2" daemon [_thread_blocked, id=9980, stack(0x000000b37d200000,0x000000b37d300000)]
  0x000001e11d83cc20 JavaThread "C1 CompilerThread3" daemon [_thread_blocked, id=26276, stack(0x000000b37d300000,0x000000b37d400000)]
  0x000001e123455d50 JavaThread "Java2D Disposer" daemon [_thread_blocked, id=12752, stack(0x000000b37d400000,0x000000b37d500000)]

Other Threads:
  0x000001e11c4e7c10 VMThread "VM Thread" [stack: 0x000000b37be00000,0x000000b37bf00000] [id=33396]
  0x000001e17d026080 WatcherThread [stack: 0x000000b37ca00000,0x000000b37cb00000] [id=23356]
  0x000001e17d005310 GCTaskThread "GC Thread#0" [stack: 0x000000b37b900000,0x000000b37ba00000] [id=17448]
  0x000001e17d015ba0 ConcurrentGCThread "G1 Main Marker" [stack: 0x000000b37ba00000,0x000000b37bb00000] [id=1496]
  0x000001e17d016c50 ConcurrentGCThread "G1 Conc#0" [stack: 0x000000b37bb00000,0x000000b37bc00000] [id=36080]
  0x000001e17d07eba0 ConcurrentGCThread "G1 Refine#0" [stack: 0x000000b37bc00000,0x000000b37bd00000] [id=32244]
  0x000001e11c397a50 ConcurrentGCThread "G1 Service" [stack: 0x000000b37bd00000,0x000000b37be00000] [id=27144]

Threads with active compile tasks:

VM state: not at safepoint (normal execution)

VM Mutex/Monitor currently owned by a thread: None

Heap address: 0x0000000705a00000, size: 4006 MB, Compressed Oops mode: Zero based, Oop shift amount: 3

CDS archive(s) not mapped
Compressed class space mapped at: 0x0000000800000000-0x0000000840000000, reserved size: 1073741824
Narrow klass base: 0x0000000800000000, Narrow klass shift: 0, Narrow klass range: 0x40000000

GC Precious Log:
 CPUs: 16 total, 16 available
 Memory: 16021M
 Large Page Support: Disabled
 NUMA Support: Disabled
 Compressed Oops: Enabled (Zero based)
 Heap Region Size: 2M
 Heap Min Capacity: 8M
 Heap Initial Capacity: 252M
 Heap Max Capacity: 4006M
 Pre-touch: Disabled
 Parallel Workers: 13
 Concurrent Workers: 3
 Concurrent Refinement Workers: 13
 Periodic GC: Disabled

Heap:
 garbage-first heap   total 258048K, used 16384K [0x0000000705a00000, 0x0000000800000000)
  region size 2048K, 10 young (20480K), 0 survivors (0K)
 Metaspace       used 14265K, committed 14464K, reserved 1064960K
  class space    used 1036K, committed 1152K, reserved 1048576K

Heap Regions: E=young(eden), S=young(survivor), O=old, HS=humongous(starts), HC=humongous(continues), CS=collection set, F=free, OA=open archive, CA=closed archive, TAMS=top-at-mark-start (previous, next)
|   0|0x0000000705a00000, 0x0000000705a00000, 0x0000000705c00000|  0%| F|  |TAMS 0x0000000705a00000, 0x0000000705a00000| Untracked 
|   1|0x0000000705c00000, 0x0000000705c00000, 0x0000000705e00000|  0%| F|  |TAMS 0x0000000705c00000, 0x0000000705c00000| Untracked 
|   2|0x0000000705e00000, 0x0000000705e00000, 0x0000000706000000|  0%| F|  |TAMS 0x0000000705e00000, 0x0000000705e00000| Untracked 
|   3|0x0000000706000000, 0x0000000706000000, 0x0000000706200000|  0%| F|  |TAMS 0x0000000706000000, 0x0000000706000000| Untracked 
|   4|0x0000000706200000, 0x0000000706200000, 0x0000000706400000|  0%| F|  |TAMS 0x0000000706200000, 0x0000000706200000| Untracked 
|   5|0x0000000706400000, 0x0000000706400000, 0x0000000706600000|  0%| F|  |TAMS 0x0000000706400000, 0x0000000706400000| Untracked 
|   6|0x0000000706600000, 0x0000000706600000, 0x0000000706800000|  0%| F|  |TAMS 0x0000000706600000, 0x0000000706600000| Untracked 
|   7|0x0000000706800000, 0x0000000706800000, 0x0000000706a00000|  0%| F|  |TAMS 0x0000000706800000, 0x0000000706800000| Untracked 
|   8|0x0000000706a00000, 0x0000000706a00000, 0x0000000706c00000|  0%| F|  |TAMS 0x0000000706a00000, 0x0000000706a00000| Untracked 
|   9|0x0000000706c00000, 0x0000000706c00000, 0x0000000706e00000|  0%| F|  |TAMS 0x0000000706c00000, 0x0000000706c00000| Untracked 
|  10|0x0000000706e00000, 0x0000000706e00000, 0x0000000707000000|  0%| F|  |TAMS 0x0000000706e00000, 0x0000000706e00000| Untracked 
|  11|0x0000000707000000, 0x0000000707000000, 0x0000000707200000|  0%| F|  |TAMS 0x0000000707000000, 0x0000000707000000| Untracked 
|  12|0x0000000707200000, 0x0000000707200000, 0x0000000707400000|  0%| F|  |TAMS 0x0000000707200000, 0x0000000707200000| Untracked 
|  13|0x0000000707400000, 0x0000000707400000, 0x0000000707600000|  0%| F|  |TAMS 0x0000000707400000, 0x0000000707400000| Untracked 
|  14|0x0000000707600000, 0x0000000707600000, 0x0000000707800000|  0%| F|  |TAMS 0x0000000707600000, 0x0000000707600000| Untracked 
|  15|0x0000000707800000, 0x0000000707800000, 0x0000000707a00000|  0%| F|  |TAMS 0x0000000707800000, 0x0000000707800000| Untracked 
|  16|0x0000000707a00000, 0x0000000707a00000, 0x0000000707c00000|  0%| F|  |TAMS 0x0000000707a00000, 0x0000000707a00000| Untracked 
|  17|0x0000000707c00000, 0x0000000707c00000, 0x0000000707e00000|  0%| F|  |TAMS 0x0000000707c00000, 0x0000000707c00000| Untracked 
|  18|0x0000000707e00000, 0x0000000707e00000, 0x0000000708000000|  0%| F|  |TAMS 0x0000000707e00000, 0x0000000707e00000| Untracked 
|  19|0x0000000708000000, 0x0000000708000000, 0x0000000708200000|  0%| F|  |TAMS 0x0000000708000000, 0x0000000708000000| Untracked 
|  20|0x0000000708200000, 0x0000000708200000, 0x0000000708400000|  0%| F|  |TAMS 0x0000000708200000, 0x0000000708200000| Untracked 
|  21|0x0000000708400000, 0x0000000708400000, 0x0000000708600000|  0%| F|  |TAMS 0x0000000708400000, 0x0000000708400000| Untracked 
|  22|0x0000000708600000, 0x0000000708600000, 0x0000000708800000|  0%| F|  |TAMS 0x0000000708600000, 0x0000000708600000| Untracked 
|  23|0x0000000708800000, 0x0000000708800000, 0x0000000708a00000|  0%| F|  |TAMS 0x0000000708800000, 0x0000000708800000| Untracked 
|  24|0x0000000708a00000, 0x0000000708a00000, 0x0000000708c00000|  0%| F|  |TAMS 0x0000000708a00000, 0x0000000708a00000| Untracked 
|  25|0x0000000708c00000, 0x0000000708c00000, 0x0000000708e00000|  0%| F|  |TAMS 0x0000000708c00000, 0x0000000708c00000| Untracked 
|  26|0x0000000708e00000, 0x0000000708e00000, 0x0000000709000000|  0%| F|  |TAMS 0x0000000708e00000, 0x0000000708e00000| Untracked 
|  27|0x0000000709000000, 0x0000000709000000, 0x0000000709200000|  0%| F|  |TAMS 0x0000000709000000, 0x0000000709000000| Untracked 
|  28|0x0000000709200000, 0x0000000709200000, 0x0000000709400000|  0%| F|  |TAMS 0x0000000709200000, 0x0000000709200000| Untracked 
|  29|0x0000000709400000, 0x0000000709400000, 0x0000000709600000|  0%| F|  |TAMS 0x0000000709400000, 0x0000000709400000| Untracked 
|  30|0x0000000709600000, 0x0000000709600000, 0x0000000709800000|  0%| F|  |TAMS 0x0000000709600000, 0x0000000709600000| Untracked 
|  31|0x0000000709800000, 0x0000000709800000, 0x0000000709a00000|  0%| F|  |TAMS 0x0000000709800000, 0x0000000709800000| Untracked 
|  32|0x0000000709a00000, 0x0000000709a00000, 0x0000000709c00000|  0%| F|  |TAMS 0x0000000709a00000, 0x0000000709a00000| Untracked 
|  33|0x0000000709c00000, 0x0000000709c00000, 0x0000000709e00000|  0%| F|  |TAMS 0x0000000709c00000, 0x0000000709c00000| Untracked 
|  34|0x0000000709e00000, 0x0000000709e00000, 0x000000070a000000|  0%| F|  |TAMS 0x0000000709e00000, 0x0000000709e00000| Untracked 
|  35|0x000000070a000000, 0x000000070a000000, 0x000000070a200000|  0%| F|  |TAMS 0x000000070a000000, 0x000000070a000000| Untracked 
|  36|0x000000070a200000, 0x000000070a200000, 0x000000070a400000|  0%| F|  |TAMS 0x000000070a200000, 0x000000070a200000| Untracked 
|  37|0x000000070a400000, 0x000000070a400000, 0x000000070a600000|  0%| F|  |TAMS 0x000000070a400000, 0x000000070a400000| Untracked 
|  38|0x000000070a600000, 0x000000070a600000, 0x000000070a800000|  0%| F|  |TAMS 0x000000070a600000, 0x000000070a600000| Untracked 
|  39|0x000000070a800000, 0x000000070a800000, 0x000000070aa00000|  0%| F|  |TAMS 0x000000070a800000, 0x000000070a800000| Untracked 
|  40|0x000000070aa00000, 0x000000070aa00000, 0x000000070ac00000|  0%| F|  |TAMS 0x000000070aa00000, 0x000000070aa00000| Untracked 
|  41|0x000000070ac00000, 0x000000070ac00000, 0x000000070ae00000|  0%| F|  |TAMS 0x000000070ac00000, 0x000000070ac00000| Untracked 
|  42|0x000000070ae00000, 0x000000070ae00000, 0x000000070b000000|  0%| F|  |TAMS 0x000000070ae00000, 0x000000070ae00000| Untracked 
|  43|0x000000070b000000, 0x000000070b000000, 0x000000070b200000|  0%| F|  |TAMS 0x000000070b000000, 0x000000070b000000| Untracked 
|  44|0x000000070b200000, 0x000000070b200000, 0x000000070b400000|  0%| F|  |TAMS 0x000000070b200000, 0x000000070b200000| Untracked 
|  45|0x000000070b400000, 0x000000070b400000, 0x000000070b600000|  0%| F|  |TAMS 0x000000070b400000, 0x000000070b400000| Untracked 
|  46|0x000000070b600000, 0x000000070b600000, 0x000000070b800000|  0%| F|  |TAMS 0x000000070b600000, 0x000000070b600000| Untracked 
|  47|0x000000070b800000, 0x000000070b800000, 0x000000070ba00000|  0%| F|  |TAMS 0x000000070b800000, 0x000000070b800000| Untracked 
|  48|0x000000070ba00000, 0x000000070ba00000, 0x000000070bc00000|  0%| F|  |TAMS 0x000000070ba00000, 0x000000070ba00000| Untracked 
|  49|0x000000070bc00000, 0x000000070bc00000, 0x000000070be00000|  0%| F|  |TAMS 0x000000070bc00000, 0x000000070bc00000| Untracked 
|  50|0x000000070be00000, 0x000000070be00000, 0x000000070c000000|  0%| F|  |TAMS 0x000000070be00000, 0x000000070be00000| Untracked 
|  51|0x000000070c000000, 0x000000070c000000, 0x000000070c200000|  0%| F|  |TAMS 0x000000070c000000, 0x000000070c000000| Untracked 
|  52|0x000000070c200000, 0x000000070c200000, 0x000000070c400000|  0%| F|  |TAMS 0x000000070c200000, 0x000000070c200000| Untracked 
|  53|0x000000070c400000, 0x000000070c400000, 0x000000070c600000|  0%| F|  |TAMS 0x000000070c400000, 0x000000070c400000| Untracked 
|  54|0x000000070c600000, 0x000000070c600000, 0x000000070c800000|  0%| F|  |TAMS 0x000000070c600000, 0x000000070c600000| Untracked 
|  55|0x000000070c800000, 0x000000070c800000, 0x000000070ca00000|  0%| F|  |TAMS 0x000000070c800000, 0x000000070c800000| Untracked 
|  56|0x000000070ca00000, 0x000000070ca00000, 0x000000070cc00000|  0%| F|  |TAMS 0x000000070ca00000, 0x000000070ca00000| Untracked 
|  57|0x000000070cc00000, 0x000000070cc00000, 0x000000070ce00000|  0%| F|  |TAMS 0x000000070cc00000, 0x000000070cc00000| Untracked 
|  58|0x000000070ce00000, 0x000000070ce00000, 0x000000070d000000|  0%| F|  |TAMS 0x000000070ce00000, 0x000000070ce00000| Untracked 
|  59|0x000000070d000000, 0x000000070d000000, 0x000000070d200000|  0%| F|  |TAMS 0x000000070d000000, 0x000000070d000000| Untracked 
|  60|0x000000070d200000, 0x000000070d200000, 0x000000070d400000|  0%| F|  |TAMS 0x000000070d200000, 0x000000070d200000| Untracked 
|  61|0x000000070d400000, 0x000000070d400000, 0x000000070d600000|  0%| F|  |TAMS 0x000000070d400000, 0x000000070d400000| Untracked 
|  62|0x000000070d600000, 0x000000070d600000, 0x000000070d800000|  0%| F|  |TAMS 0x000000070d600000, 0x000000070d600000| Untracked 
|  63|0x000000070d800000, 0x000000070d800000, 0x000000070da00000|  0%| F|  |TAMS 0x000000070d800000, 0x000000070d800000| Untracked 
|  64|0x000000070da00000, 0x000000070da00000, 0x000000070dc00000|  0%| F|  |TAMS 0x000000070da00000, 0x000000070da00000| Untracked 
|  65|0x000000070dc00000, 0x000000070dc00000, 0x000000070de00000|  0%| F|  |TAMS 0x000000070dc00000, 0x000000070dc00000| Untracked 
|  66|0x000000070de00000, 0x000000070de00000, 0x000000070e000000|  0%| F|  |TAMS 0x000000070de00000, 0x000000070de00000| Untracked 
|  67|0x000000070e000000, 0x000000070e000000, 0x000000070e200000|  0%| F|  |TAMS 0x000000070e000000, 0x000000070e000000| Untracked 
|  68|0x000000070e200000, 0x000000070e200000, 0x000000070e400000|  0%| F|  |TAMS 0x000000070e200000, 0x000000070e200000| Untracked 
|  69|0x000000070e400000, 0x000000070e400000, 0x000000070e600000|  0%| F|  |TAMS 0x000000070e400000, 0x000000070e400000| Untracked 
|  70|0x000000070e600000, 0x000000070e600000, 0x000000070e800000|  0%| F|  |TAMS 0x000000070e600000, 0x000000070e600000| Untracked 
|  71|0x000000070e800000, 0x000000070e800000, 0x000000070ea00000|  0%| F|  |TAMS 0x000000070e800000, 0x000000070e800000| Untracked 
|  72|0x000000070ea00000, 0x000000070ea00000, 0x000000070ec00000|  0%| F|  |TAMS 0x000000070ea00000, 0x000000070ea00000| Untracked 
|  73|0x000000070ec00000, 0x000000070ec00000, 0x000000070ee00000|  0%| F|  |TAMS 0x000000070ec00000, 0x000000070ec00000| Untracked 
|  74|0x000000070ee00000, 0x000000070ee00000, 0x000000070f000000|  0%| F|  |TAMS 0x000000070ee00000, 0x000000070ee00000| Untracked 
|  75|0x000000070f000000, 0x000000070f000000, 0x000000070f200000|  0%| F|  |TAMS 0x000000070f000000, 0x000000070f000000| Untracked 
|  76|0x000000070f200000, 0x000000070f200000, 0x000000070f400000|  0%| F|  |TAMS 0x000000070f200000, 0x000000070f200000| Untracked 
|  77|0x000000070f400000, 0x000000070f400000, 0x000000070f600000|  0%| F|  |TAMS 0x000000070f400000, 0x000000070f400000| Untracked 
|  78|0x000000070f600000, 0x000000070f600000, 0x000000070f800000|  0%| F|  |TAMS 0x000000070f600000, 0x000000070f600000| Untracked 
|  79|0x000000070f800000, 0x000000070f800000, 0x000000070fa00000|  0%| F|  |TAMS 0x000000070f800000, 0x000000070f800000| Untracked 
|  80|0x000000070fa00000, 0x000000070fa00000, 0x000000070fc00000|  0%| F|  |TAMS 0x000000070fa00000, 0x000000070fa00000| Untracked 
|  81|0x000000070fc00000, 0x000000070fc00000, 0x000000070fe00000|  0%| F|  |TAMS 0x000000070fc00000, 0x000000070fc00000| Untracked 
|  82|0x000000070fe00000, 0x000000070fe00000, 0x0000000710000000|  0%| F|  |TAMS 0x000000070fe00000, 0x000000070fe00000| Untracked 
|  83|0x0000000710000000, 0x0000000710000000, 0x0000000710200000|  0%| F|  |TAMS 0x0000000710000000, 0x0000000710000000| Untracked 
|  84|0x0000000710200000, 0x0000000710200000, 0x0000000710400000|  0%| F|  |TAMS 0x0000000710200000, 0x0000000710200000| Untracked 
|  85|0x0000000710400000, 0x0000000710400000, 0x0000000710600000|  0%| F|  |TAMS 0x0000000710400000, 0x0000000710400000| Untracked 
|  86|0x0000000710600000, 0x0000000710600000, 0x0000000710800000|  0%| F|  |TAMS 0x0000000710600000, 0x0000000710600000| Untracked 
|  87|0x0000000710800000, 0x0000000710800000, 0x0000000710a00000|  0%| F|  |TAMS 0x0000000710800000, 0x0000000710800000| Untracked 
|  88|0x0000000710a00000, 0x0000000710a00000, 0x0000000710c00000|  0%| F|  |TAMS 0x0000000710a00000, 0x0000000710a00000| Untracked 
|  89|0x0000000710c00000, 0x0000000710c00000, 0x0000000710e00000|  0%| F|  |TAMS 0x0000000710c00000, 0x0000000710c00000| Untracked 
|  90|0x0000000710e00000, 0x0000000710e00000, 0x0000000711000000|  0%| F|  |TAMS 0x0000000710e00000, 0x0000000710e00000| Untracked 
|  91|0x0000000711000000, 0x0000000711000000, 0x0000000711200000|  0%| F|  |TAMS 0x0000000711000000, 0x0000000711000000| Untracked 
|  92|0x0000000711200000, 0x0000000711200000, 0x0000000711400000|  0%| F|  |TAMS 0x0000000711200000, 0x0000000711200000| Untracked 
|  93|0x0000000711400000, 0x0000000711400000, 0x0000000711600000|  0%| F|  |TAMS 0x0000000711400000, 0x0000000711400000| Untracked 
|  94|0x0000000711600000, 0x0000000711600000, 0x0000000711800000|  0%| F|  |TAMS 0x0000000711600000, 0x0000000711600000| Untracked 
|  95|0x0000000711800000, 0x0000000711800000, 0x0000000711a00000|  0%| F|  |TAMS 0x0000000711800000, 0x0000000711800000| Untracked 
|  96|0x0000000711a00000, 0x0000000711a00000, 0x0000000711c00000|  0%| F|  |TAMS 0x0000000711a00000, 0x0000000711a00000| Untracked 
|  97|0x0000000711c00000, 0x0000000711c00000, 0x0000000711e00000|  0%| F|  |TAMS 0x0000000711c00000, 0x0000000711c00000| Untracked 
|  98|0x0000000711e00000, 0x0000000711e00000, 0x0000000712000000|  0%| F|  |TAMS 0x0000000711e00000, 0x0000000711e00000| Untracked 
|  99|0x0000000712000000, 0x0000000712000000, 0x0000000712200000|  0%| F|  |TAMS 0x0000000712000000, 0x0000000712000000| Untracked 
| 100|0x0000000712200000, 0x0000000712200000, 0x0000000712400000|  0%| F|  |TAMS 0x0000000712200000, 0x0000000712200000| Untracked 
| 101|0x0000000712400000, 0x0000000712400000, 0x0000000712600000|  0%| F|  |TAMS 0x0000000712400000, 0x0000000712400000| Untracked 
| 102|0x0000000712600000, 0x0000000712600000, 0x0000000712800000|  0%| F|  |TAMS 0x0000000712600000, 0x0000000712600000| Untracked 
| 103|0x0000000712800000, 0x0000000712800000, 0x0000000712a00000|  0%| F|  |TAMS 0x0000000712800000, 0x0000000712800000| Untracked 
| 104|0x0000000712a00000, 0x0000000712a00000, 0x0000000712c00000|  0%| F|  |TAMS 0x0000000712a00000, 0x0000000712a00000| Untracked 
| 105|0x0000000712c00000, 0x0000000712c00000, 0x0000000712e00000|  0%| F|  |TAMS 0x0000000712c00000, 0x0000000712c00000| Untracked 
| 106|0x0000000712e00000, 0x0000000712e00000, 0x0000000713000000|  0%| F|  |TAMS 0x0000000712e00000, 0x0000000712e00000| Untracked 
| 107|0x0000000713000000, 0x0000000713000000, 0x0000000713200000|  0%| F|  |TAMS 0x0000000713000000, 0x0000000713000000| Untracked 
| 108|0x0000000713200000, 0x0000000713200000, 0x0000000713400000|  0%| F|  |TAMS 0x0000000713200000, 0x0000000713200000| Untracked 
| 109|0x0000000713400000, 0x0000000713400000, 0x0000000713600000|  0%| F|  |TAMS 0x0000000713400000, 0x0000000713400000| Untracked 
| 110|0x0000000713600000, 0x0000000713600000, 0x0000000713800000|  0%| F|  |TAMS 0x0000000713600000, 0x0000000713600000| Untracked 
| 111|0x0000000713800000, 0x0000000713800000, 0x0000000713a00000|  0%| F|  |TAMS 0x0000000713800000, 0x0000000713800000| Untracked 
| 112|0x0000000713a00000, 0x0000000713a00000, 0x0000000713c00000|  0%| F|  |TAMS 0x0000000713a00000, 0x0000000713a00000| Untracked 
| 113|0x0000000713c00000, 0x0000000713c00000, 0x0000000713e00000|  0%| F|  |TAMS 0x0000000713c00000, 0x0000000713c00000| Untracked 
| 114|0x0000000713e00000, 0x0000000713e00000, 0x0000000714000000|  0%| F|  |TAMS 0x0000000713e00000, 0x0000000713e00000| Untracked 
| 115|0x0000000714000000, 0x0000000714000000, 0x0000000714200000|  0%| F|  |TAMS 0x0000000714000000, 0x0000000714000000| Untracked 
| 116|0x0000000714200000, 0x00000007143f1530, 0x0000000714400000| 97%| E|  |TAMS 0x0000000714200000, 0x0000000714200000| Complete 
| 117|0x0000000714400000, 0x0000000714600000, 0x0000000714600000|100%| E|CS|TAMS 0x0000000714400000, 0x0000000714400000| Complete 
| 118|0x0000000714600000, 0x0000000714800000, 0x0000000714800000|100%| E|CS|TAMS 0x0000000714600000, 0x0000000714600000| Complete 
| 119|0x0000000714800000, 0x0000000714a00000, 0x0000000714a00000|100%| E|CS|TAMS 0x0000000714800000, 0x0000000714800000| Complete 
| 120|0x0000000714a00000, 0x0000000714c00000, 0x0000000714c00000|100%| E|  |TAMS 0x0000000714a00000, 0x0000000714a00000| Complete 
| 121|0x0000000714c00000, 0x0000000714e00000, 0x0000000714e00000|100%| E|CS|TAMS 0x0000000714c00000, 0x0000000714c00000| Complete 
| 122|0x0000000714e00000, 0x0000000715000000, 0x0000000715000000|100%| E|CS|TAMS 0x0000000714e00000, 0x0000000714e00000| Complete 
| 123|0x0000000715000000, 0x0000000715200000, 0x0000000715200000|100%| E|CS|TAMS 0x0000000715000000, 0x0000000715000000| Complete 
| 124|0x0000000715200000, 0x0000000715400000, 0x0000000715400000|100%| E|CS|TAMS 0x0000000715200000, 0x0000000715200000| Complete 
| 125|0x0000000715400000, 0x0000000715600000, 0x0000000715600000|100%| E|CS|TAMS 0x0000000715400000, 0x0000000715400000| Complete 

Card table byte_map: [0x000001e17e100000,0x000001e17e8e0000] _byte_map_base: 0x000001e17a8d3000

Marking Bits (Prev, Next): (CMBitMap*) 0x000001e17d005820, (CMBitMap*) 0x000001e17d005860
 Prev Bits: [0x000001e1125d0000, 0x000001e116468000)
 Next Bits: [0x000001e116470000, 0x000001e11a308000)

Polling page: 0x000001e17c780000

Metaspace:

Usage:
  Non-class:     12.92 MB used.
      Class:      1.01 MB used.
       Both:     13.93 MB used.

Virtual space:
  Non-class space:       16.00 MB reserved,      13.00 MB ( 81%) committed,  2 nodes.
      Class space:        1.00 GB reserved,       1.12 MB ( <1%) committed,  1 nodes.
             Both:        1.02 GB reserved,      14.12 MB (  1%) committed. 

Chunk freelists:
   Non-Class:  2.89 MB
       Class:  2.92 MB
        Both:  5.81 MB

MaxMetaspaceSize: unlimited
CompressedClassSpaceSize: 1.00 GB
Initial GC threshold: 21.00 MB
Current GC threshold: 21.00 MB
CDS: off
MetaspaceReclaimPolicy: balanced
 - commit_granule_bytes: 65536.
 - commit_granule_words: 8192.
 - virtual_space_node_default_size: 1048576.
 - enlarge_chunks_in_place: 1.
 - new_chunks_are_fully_committed: 0.
 - uncommit_free_chunks: 1.
 - use_allocation_guard: 0.
 - handle_deallocations: 1.


Internal statistics:

num_allocs_failed_limit: 0.
num_arena_births: 126.
num_arena_deaths: 0.
num_vsnodes_births: 3.
num_vsnodes_deaths: 0.
num_space_committed: 224.
num_space_uncommitted: 0.
num_chunks_returned_to_freelist: 0.
num_chunks_taken_from_freelist: 322.
num_chunk_merges: 0.
num_chunk_splits: 214.
num_chunks_enlarged: 154.
num_purges: 0.
num_inconsistent_stats: 0.

CodeHeap 'non-profiled nmethods': size=119168Kb used=395Kb max_used=395Kb free=118772Kb
 bounds [0x000001e10b170000, 0x000001e10b3e0000, 0x000001e1125d0000]
CodeHeap 'profiled nmethods': size=119104Kb used=1997Kb max_used=1997Kb free=117106Kb
 bounds [0x000001e103d20000, 0x000001e103f90000, 0x000001e10b170000]
CodeHeap 'non-nmethods': size=7488Kb used=3330Kb max_used=3357Kb free=4158Kb
 bounds [0x000001e1035d0000, 0x000001e103920000, 0x000001e103d20000]
 total_blobs=2242 nmethods=1174 adapters=978
 compilation: enabled
              stopped_count=0, restarted_count=0
 full_count=0

Compilation events (20 events):
Event: 4.217 Thread 0x000001e11d32b4a0 1171       3       renderer.RenderBatch::render (249 bytes)
Event: 4.217 Thread 0x000001e1232a17c0 1166       3       main.GameObject::update (38 bytes)
Event: 4.218 Thread 0x000001e11d83cc20 nmethod 1164 0x000001e103f0a210 code [0x000001e103f0a420, 0x000001e103f0aa58]
Event: 4.218 Thread 0x000001e1232a17c0 nmethod 1166 0x000001e103f0ac90 code [0x000001e103f0ae80, 0x000001e103f0b3f8]
Event: 4.218 Thread 0x000001e11d83cc20 1170       3       renderer.Renderer::render (37 bytes)
Event: 4.218 Thread 0x000001e1232a17c0 1167       3       components.SpriteRenderer::update (37 bytes)
Event: 4.218 Thread 0x000001e11d83cc20 nmethod 1170 0x000001e103f0b610 code [0x000001e103f0b800, 0x000001e103f0bd78]
Event: 4.218 Thread 0x000001e11d83cc20 1168       3       main.Transform::equals (52 bytes)
Event: 4.218 Thread 0x000001e1232a17c0 nmethod 1167 0x000001e103f0bf10 code [0x000001e103f0c0e0, 0x000001e103f0c4c8]
Event: 4.218 Thread 0x000001e1232a17c0 1169       3       main.Transform::copy (25 bytes)
Event: 4.218 Thread 0x000001e11d83cc20 nmethod 1168 0x000001e103f0c710 code [0x000001e103f0c900, 0x000001e103f0ce38]
Event: 4.218 Thread 0x000001e11d83cc20 1172       3       main.Camera::getViewMatrix (87 bytes)
Event: 4.218 Thread 0x000001e1232a17c0 nmethod 1169 0x000001e103f0cf90 code [0x000001e103f0d140, 0x000001e103f0d3f8]
Event: 4.218 Thread 0x000001e1232a17c0 1173       3       org.joml.Vector3f::add (32 bytes)
Event: 4.219 Thread 0x000001e1232a17c0 nmethod 1173 0x000001e103f0d590 code [0x000001e103f0d720, 0x000001e103f0d858]
Event: 4.219 Thread 0x000001e11d83cc20 nmethod 1172 0x000001e103f0d910 code [0x000001e103f0db40, 0x000001e103f0e158]
Event: 4.219 Thread 0x000001e11d09e920 nmethod 1165 0x000001e103f0e410 code [0x000001e103f0e7e0, 0x000001e103f10a18]
Event: 4.219 Thread 0x000001e11d32b4a0 nmethod 1171 0x000001e103f11310 code [0x000001e103f11700, 0x000001e103f12da8]
Event: 4.249 Thread 0x000001e11d09e020 1174       4       java.util.ArrayList::get (15 bytes)
Event: 4.251 Thread 0x000001e11d09e020 nmethod 1174 0x000001e10b1d2b90 code [0x000001e10b1d2d00, 0x000001e10b1d2df8]

GC Heap History (0 events):
No events

Deoptimization events (20 events):
Event: 0.530 Thread 0x000001e17cfb5f60 DEOPT PACKING pc=0x000001e10b18a1c0 sp=0x000000b37b8fbbd0
Event: 0.530 Thread 0x000001e17cfb5f60 DEOPT UNPACKING pc=0x000001e103625c23 sp=0x000000b37b8fbb58 mode 2
Event: 0.879 Thread 0x000001e17cfb5f60 Uncommon trap: trap_request=0xffffff45 fr.pc=0x000001e10b18ee10 relative=0x0000000000000170
Event: 0.879 Thread 0x000001e17cfb5f60 Uncommon trap: reason=unstable_if action=reinterpret pc=0x000001e10b18ee10 method=java.util.zip.ZipFile$Source.isMetaName([BII)Z @ 43 c2
Event: 0.879 Thread 0x000001e17cfb5f60 DEOPT PACKING pc=0x000001e10b18ee10 sp=0x000000b37b8fb2b0
Event: 0.879 Thread 0x000001e17cfb5f60 DEOPT UNPACKING pc=0x000001e103625c23 sp=0x000000b37b8fb240 mode 2
Event: 1.227 Thread 0x000001e17cfb5f60 Uncommon trap: trap_request=0xffffff54 fr.pc=0x000001e10b1a3fe0 relative=0x0000000000000060
Event: 1.227 Thread 0x000001e17cfb5f60 Uncommon trap: reason=speculate_null_assert action=make_not_entrant pc=0x000001e10b1a3fe0 method=sun.misc.Unsafe.putLong(Ljava/lang/Object;JJ)V @ 7 c2
Event: 1.227 Thread 0x000001e17cfb5f60 DEOPT PACKING pc=0x000001e10b1a3fe0 sp=0x000000b37b8ff130
Event: 1.227 Thread 0x000001e17cfb5f60 DEOPT UNPACKING pc=0x000001e103625c23 sp=0x000000b37b8ff0a8 mode 2
Event: 1.420 Thread 0x000001e17cfb5f60 DEOPT PACKING pc=0x000001e103d2f465 sp=0x000000b37b8fc1b0
Event: 1.420 Thread 0x000001e17cfb5f60 DEOPT UNPACKING pc=0x000001e103626763 sp=0x000000b37b8fb600 mode 0
Event: 1.510 Thread 0x000001e17cfb5f60 Uncommon trap: trap_request=0xffffff45 fr.pc=0x000001e10b1a4e3c relative=0x000000000000041c
Event: 1.510 Thread 0x000001e17cfb5f60 Uncommon trap: reason=unstable_if action=reinterpret pc=0x000001e10b1a4e3c method=java.lang.StringLatin1.newString([BII)Ljava/lang/String; @ 1 c2
Event: 1.510 Thread 0x000001e17cfb5f60 DEOPT PACKING pc=0x000001e10b1a4e3c sp=0x000000b37b8fd6d0
Event: 1.510 Thread 0x000001e17cfb5f60 DEOPT UNPACKING pc=0x000001e103625c23 sp=0x000000b37b8fd6b0 mode 2
Event: 1.626 Thread 0x000001e17cfb5f60 Uncommon trap: trap_request=0xffffff54 fr.pc=0x000001e10b1a78dc relative=0x000000000000005c
Event: 1.626 Thread 0x000001e17cfb5f60 Uncommon trap: reason=speculate_null_assert action=make_not_entrant pc=0x000001e10b1a78dc method=sun.misc.Unsafe.getLong(Ljava/lang/Object;J)J @ 5 c2
Event: 1.626 Thread 0x000001e17cfb5f60 DEOPT PACKING pc=0x000001e10b1a78dc sp=0x000000b37b8ff180
Event: 1.626 Thread 0x000001e17cfb5f60 DEOPT UNPACKING pc=0x000001e103625c23 sp=0x000000b37b8ff108 mode 2

Classes unloaded (0 events):
No events

Classes redefined (0 events):
No events

Internal exceptions (20 events):
Event: 0.887 Thread 0x000001e17cfb5f60 Exception <a 'java/lang/NoSuchMethodError'{0x0000000714d4c390}: 'int java.lang.invoke.DirectMethodHandle$Holder.invokeStaticInit(java.lang.Object, java.lang.Object, int, long)'> (0x0000000714d4c390) 
thrown [e:\jenkins\tmp\workspace\build\src\src\hotspot\share\interpreter\linkResolver.cpp, line 766]
Event: 0.888 Thread 0x000001e17cfb5f60 Exception <a 'java/lang/NoSuchMethodError'{0x0000000714d51c58}: 'java.lang.Object java.lang.invoke.DirectMethodHandle$Holder.newInvokeSpecial(java.lang.Object, java.lang.Object, int)'> (0x0000000714d51c58) 
thrown [e:\jenkins\tmp\workspace\build\src\src\hotspot\share\interpreter\linkResolver.cpp, line 766]
Event: 0.890 Thread 0x000001e17cfb5f60 Exception <a 'java/lang/NoSuchMethodError'{0x0000000714d60990}: 'int java.lang.invoke.DirectMethodHandle$Holder.invokeStaticInit(java.lang.Object, java.lang.Object, long, long)'> (0x0000000714d60990) 
thrown [e:\jenkins\tmp\workspace\build\src\src\hotspot\share\interpreter\linkResolver.cpp, line 766]
Event: 0.890 Thread 0x000001e17cfb5f60 Exception <a 'java/lang/NoSuchMethodError'{0x0000000714d66aa0}: 'java.lang.Object java.lang.invoke.DirectMethodHandle$Holder.newInvokeSpecial(java.lang.Object, java.lang.Object, long)'> (0x0000000714d66aa0) 
thrown [e:\jenkins\tmp\workspace\build\src\src\hotspot\share\interpreter\linkResolver.cpp, line 766]
Event: 0.891 Thread 0x000001e17cfb5f60 Exception <a 'java/lang/NoSuchMethodError'{0x0000000714d6aae8}: 'java.lang.Object java.lang.invoke.Invokers$Holder.linkToTargetMethod(java.lang.Object, long, java.lang.Object)'> (0x0000000714d6aae8) 
thrown [e:\jenkins\tmp\workspace\build\src\src\hotspot\share\interpreter\linkResolver.cpp, line 766]
Event: 0.891 Thread 0x000001e17cfb5f60 Exception <a 'java/lang/NoSuchMethodError'{0x0000000714d72200}: 'int java.lang.invoke.DirectMethodHandle$Holder.invokeStaticInit(java.lang.Object, java.lang.Object, java.lang.Object, long)'> (0x0000000714d72200) 
thrown [e:\jenkins\tmp\workspace\build\src\src\hotspot\share\interpreter\linkResolver.cpp, line 766]
Event: 0.911 Thread 0x000001e17cfb5f60 Exception <a 'sun/nio/fs/WindowsException'{0x0000000714dd4798}> (0x0000000714dd4798) 
thrown [e:\jenkins\tmp\workspace\build\src\src\hotspot\share\prims\jni.cpp, line 516]
Event: 0.911 Thread 0x000001e17cfb5f60 Exception <a 'sun/nio/fs/WindowsException'{0x0000000714dd4b38}> (0x0000000714dd4b38) 
thrown [e:\jenkins\tmp\workspace\build\src\src\hotspot\share\prims\jni.cpp, line 516]
Event: 0.938 Thread 0x000001e17cfb5f60 Exception <a 'sun/nio/fs/WindowsException'{0x0000000714a68788}> (0x0000000714a68788) 
thrown [e:\jenkins\tmp\workspace\build\src\src\hotspot\share\prims\jni.cpp, line 516]
Event: 0.938 Thread 0x000001e17cfb5f60 Exception <a 'sun/nio/fs/WindowsException'{0x0000000714a68af8}> (0x0000000714a68af8) 
thrown [e:\jenkins\tmp\workspace\build\src\src\hotspot\share\prims\jni.cpp, line 516]
Event: 1.107 Thread 0x000001e17cfb5f60 Exception <a 'java/lang/NoSuchMethodError'{0x0000000714a8ed38}: 'void java.lang.invoke.DirectMethodHandle$Holder.invokeStaticInit(java.lang.Object, long, double, double)'> (0x0000000714a8ed38) 
thrown [e:\jenkins\tmp\workspace\build\src\src\hotspot\share\interpreter\linkResolver.cpp, line 766]
Event: 1.110 Thread 0x000001e17cfb5f60 Exception <a 'java/lang/NoSuchMethodError'{0x0000000714aa0420}: 'void java.lang.invoke.DirectMethodHandle$Holder.invokeStaticInit(java.lang.Object, long, int, int, int)'> (0x0000000714aa0420) 
thrown [e:\jenkins\tmp\workspace\build\src\src\hotspot\share\interpreter\linkResolver.cpp, line 766]
Event: 1.115 Thread 0x000001e17cfb5f60 Exception <a 'java/lang/NoSuchMethodError'{0x0000000714abd440}: 'void java.lang.invoke.DirectMethodHandle$Holder.invokeStaticInit(java.lang.Object, long, int, int, int, int)'> (0x0000000714abd440) 
thrown [e:\jenkins\tmp\workspace\build\src\src\hotspot\share\interpreter\linkResolver.cpp, line 766]
Event: 1.177 Thread 0x000001e17cfb5f60 Exception <a 'sun/nio/fs/WindowsException'{0x0000000714b01508}> (0x0000000714b01508) 
thrown [e:\jenkins\tmp\workspace\build\src\src\hotspot\share\prims\jni.cpp, line 516]
Event: 1.177 Thread 0x000001e17cfb5f60 Exception <a 'sun/nio/fs/WindowsException'{0x0000000714b018b8}> (0x0000000714b018b8) 
thrown [e:\jenkins\tmp\workspace\build\src\src\hotspot\share\prims\jni.cpp, line 516]
Event: 1.185 Thread 0x000001e17cfb5f60 Exception <a 'sun/nio/fs/WindowsException'{0x0000000714b14510}> (0x0000000714b14510) 
thrown [e:\jenkins\tmp\workspace\build\src\src\hotspot\share\prims\jni.cpp, line 516]
Event: 1.185 Thread 0x000001e17cfb5f60 Exception <a 'sun/nio/fs/WindowsException'{0x0000000714b147f8}> (0x0000000714b147f8) 
thrown [e:\jenkins\tmp\workspace\build\src\src\hotspot\share\prims\jni.cpp, line 516]
Event: 1.326 Thread 0x000001e17cfb5f60 Exception <a 'java/lang/ClassNotFoundException'{0x000000071464cd08}: sun/awt/resources/spi/awtProvider> (0x000000071464cd08) 
thrown [e:\jenkins\tmp\workspace\build\src\src\hotspot\share\classfile\systemDictionary.cpp, line 256]
Event: 1.348 Thread 0x000001e17cfb5f60 Exception <a 'java/io/FileNotFoundException'{0x000000071469b670}> (0x000000071469b670) 
thrown [e:\jenkins\tmp\workspace\build\src\src\hotspot\share\prims\jni.cpp, line 516]
Event: 1.354 Thread 0x000001e17cfb5f60 Exception <a 'java/io/FileNotFoundException'{0x00000007146c8800}> (0x00000007146c8800) 
thrown [e:\jenkins\tmp\workspace\build\src\src\hotspot\share\prims\jni.cpp, line 516]

VM Operations (16 events):
Event: 0.231 Executing VM operation: HandshakeAllThreads
Event: 0.231 Executing VM operation: HandshakeAllThreads done
Event: 0.521 Executing VM operation: HandshakeAllThreads
Event: 0.521 Executing VM operation: HandshakeAllThreads done
Event: 0.531 Executing VM operation: HandshakeAllThreads
Event: 0.531 Executing VM operation: HandshakeAllThreads done
Event: 0.880 Executing VM operation: HandshakeAllThreads
Event: 0.880 Executing VM operation: HandshakeAllThreads done
Event: 1.317 Executing VM operation: HandshakeAllThreads
Event: 1.317 Executing VM operation: HandshakeAllThreads done
Event: 1.317 Executing VM operation: Cleanup
Event: 1.317 Executing VM operation: Cleanup done
Event: 2.331 Executing VM operation: Cleanup
Event: 2.331 Executing VM operation: Cleanup done
Event: 4.355 Executing VM operation: Cleanup
Event: 4.355 Executing VM operation: Cleanup done

Events (20 events):
Event: 1.392 loading class com/sun/imageio/plugins/common/ReaderUtil done
Event: 1.393 loading class java/io/RandomAccessFile$1
Event: 1.393 loading class java/io/RandomAccessFile$1 done
Event: 1.417 loading class java/io/FileReader
Event: 1.417 loading class java/io/FileReader done
Event: 1.506 loading class java/text/DecimalFormat
Event: 1.507 loading class java/text/NumberFormat
Event: 1.508 loading class java/text/Format
Event: 1.508 loading class java/text/Format done
Event: 1.508 loading class java/text/NumberFormat done
Event: 1.508 loading class java/text/DecimalFormat done
Event: 1.509 loading class java/text/FieldPosition
Event: 1.509 loading class java/text/FieldPosition done
Event: 1.509 loading class java/text/DigitList
Event: 1.509 loading class java/text/DigitList done
Event: 1.509 loading class java/math/RoundingMode
Event: 1.509 loading class java/math/RoundingMode done
Event: 1.526 loading class java/lang/SecurityException
Event: 1.526 loading class java/lang/SecurityException done
Event: 1.771 Thread 0x000001e12310b440 Thread exited: 0x000001e12310b440


Dynamic libraries:
0x00007ff7a3750000 - 0x00007ff7a375e000 	C:\Users\maeth\.p2\pool\plugins\org.eclipse.justj.openjdk.hotspot.jre.full.win32.x86_64_17.0.1.v20211116-1657\jre\bin\javaw.exe
0x00007ffde18a0000 - 0x00007ffde1aa9000 	C:\windows\SYSTEM32\ntdll.dll
0x00007ffde0df0000 - 0x00007ffde0ead000 	C:\windows\System32\KERNEL32.DLL
0x00007ffdded90000 - 0x00007ffddf104000 	C:\windows\System32\KERNELBASE.dll
0x00007ffddf560000 - 0x00007ffddf671000 	C:\windows\System32\ucrtbase.dll
0x00007ffdce0e0000 - 0x00007ffdce0f9000 	C:\Users\maeth\.p2\pool\plugins\org.eclipse.justj.openjdk.hotspot.jre.full.win32.x86_64_17.0.1.v20211116-1657\jre\bin\VCRUNTIME140.dll
0x00007ffdc57a0000 - 0x00007ffdc57b8000 	C:\Users\maeth\.p2\pool\plugins\org.eclipse.justj.openjdk.hotspot.jre.full.win32.x86_64_17.0.1.v20211116-1657\jre\bin\jli.dll
0x00007ffddf7d0000 - 0x00007ffddf97c000 	C:\windows\System32\USER32.dll
0x00007ffddf4b0000 - 0x00007ffddf4d6000 	C:\windows\System32\win32u.dll
0x00007ffdcd420000 - 0x00007ffdcd6c5000 	C:\windows\WinSxS\amd64_microsoft.windows.common-controls_6595b64144ccf1df_6.0.22000.120_none_9d947278b86cc467\COMCTL32.dll
0x00007ffde0530000 - 0x00007ffde0559000 	C:\windows\System32\GDI32.dll
0x00007ffddf280000 - 0x00007ffddf392000 	C:\windows\System32\gdi32full.dll
0x00007ffde15d0000 - 0x00007ffde1673000 	C:\windows\System32\msvcrt.dll
0x00007ffddf410000 - 0x00007ffddf4ad000 	C:\windows\System32\msvcp_win.dll
0x00007ffde0c20000 - 0x00007ffde0c51000 	C:\windows\System32\IMM32.DLL
0x00007ffdcfbc0000 - 0x00007ffdcfbcc000 	C:\Users\maeth\.p2\pool\plugins\org.eclipse.justj.openjdk.hotspot.jre.full.win32.x86_64_17.0.1.v20211116-1657\jre\bin\vcruntime140_1.dll
0x00007ffd97730000 - 0x00007ffd977c1000 	C:\Users\maeth\.p2\pool\plugins\org.eclipse.justj.openjdk.hotspot.jre.full.win32.x86_64_17.0.1.v20211116-1657\jre\bin\msvcp140.dll
0x00007ffd88290000 - 0x00007ffd88ed6000 	C:\Users\maeth\.p2\pool\plugins\org.eclipse.justj.openjdk.hotspot.jre.full.win32.x86_64_17.0.1.v20211116-1657\jre\bin\server\jvm.dll
0x00007ffde0d40000 - 0x00007ffde0dee000 	C:\windows\System32\ADVAPI32.dll
0x00007ffde1680000 - 0x00007ffde171e000 	C:\windows\System32\sechost.dll
0x00007ffde1740000 - 0x00007ffde1860000 	C:\windows\System32\RPCRT4.dll
0x00007ffde05e0000 - 0x00007ffde05e8000 	C:\windows\System32\PSAPI.DLL
0x00007ffdd77b0000 - 0x00007ffdd77ba000 	C:\windows\SYSTEM32\VERSION.dll
0x00007ffdd8510000 - 0x00007ffdd8519000 	C:\windows\SYSTEM32\WSOCK32.dll
0x00007ffddf740000 - 0x00007ffddf7af000 	C:\windows\System32\WS2_32.dll
0x00007ffdd7cd0000 - 0x00007ffdd7d03000 	C:\windows\SYSTEM32\WINMM.dll
0x00007ffdddf80000 - 0x00007ffdddf98000 	C:\windows\SYSTEM32\kernel.appcore.dll
0x00007ffdd8270000 - 0x00007ffdd827a000 	C:\Users\maeth\.p2\pool\plugins\org.eclipse.justj.openjdk.hotspot.jre.full.win32.x86_64_17.0.1.v20211116-1657\jre\bin\jimage.dll
0x00007ffddc930000 - 0x00007ffddcb51000 	C:\windows\SYSTEM32\DBGHELP.DLL
0x00007ffdd0220000 - 0x00007ffdd0251000 	C:\windows\SYSTEM32\dbgcore.DLL
0x00007ffddf4e0000 - 0x00007ffddf55f000 	C:\windows\System32\bcryptPrimitives.dll
0x00007ffdd49d0000 - 0x00007ffdd49f5000 	C:\Users\maeth\.p2\pool\plugins\org.eclipse.justj.openjdk.hotspot.jre.full.win32.x86_64_17.0.1.v20211116-1657\jre\bin\java.dll
0x00007ffdd49b0000 - 0x00007ffdd49c8000 	C:\Users\maeth\.p2\pool\plugins\org.eclipse.justj.openjdk.hotspot.jre.full.win32.x86_64_17.0.1.v20211116-1657\jre\bin\zip.dll
0x00007ffddf9e0000 - 0x00007ffde018f000 	C:\windows\System32\SHELL32.dll
0x00007ffddcf10000 - 0x00007ffddd778000 	C:\windows\SYSTEM32\windows.storage.dll
0x00007ffde05f0000 - 0x00007ffde0968000 	C:\windows\System32\combase.dll
0x00007ffddcda0000 - 0x00007ffddcf06000 	C:\windows\SYSTEM32\wintypes.dll
0x00007ffde0eb0000 - 0x00007ffde0f9a000 	C:\windows\System32\SHCORE.dll
0x00007ffddf980000 - 0x00007ffddf9dd000 	C:\windows\System32\shlwapi.dll
0x00007ffddecc0000 - 0x00007ffddece1000 	C:\windows\SYSTEM32\profapi.dll
0x00007ffdd4990000 - 0x00007ffdd49a9000 	C:\Users\maeth\.p2\pool\plugins\org.eclipse.justj.openjdk.hotspot.jre.full.win32.x86_64_17.0.1.v20211116-1657\jre\bin\net.dll
0x00007ffdd8150000 - 0x00007ffdd825c000 	C:\windows\SYSTEM32\WINHTTP.dll
0x00007ffdde3b0000 - 0x00007ffdde417000 	C:\windows\system32\mswsock.dll
0x00007ffdd4970000 - 0x00007ffdd4985000 	C:\Users\maeth\.p2\pool\plugins\org.eclipse.justj.openjdk.hotspot.jre.full.win32.x86_64_17.0.1.v20211116-1657\jre\bin\nio.dll
0x00007ffd9a0b0000 - 0x00007ffd9a121000 	C:\Users\maeth\AppData\Local\Temp\lwjglmaeth\3.3.0-build-21\lwjgl.dll
0x00007ffd6bc60000 - 0x00007ffd6beb6000 	C:\Users\maeth\AppData\Local\Temp\lwjglmaeth\3.3.0-build-21\jemalloc.dll
0x00007ffd988b0000 - 0x00007ffd98911000 	C:\Users\maeth\AppData\Local\Temp\lwjglmaeth\3.3.0-build-21\glfw.dll
0x00007ffd98150000 - 0x00007ffd98195000 	C:\windows\SYSTEM32\dinput8.dll
0x00007ffdb64e0000 - 0x00007ffdb64f1000 	C:\windows\SYSTEM32\xinput1_4.dll
0x00007ffddea60000 - 0x00007ffddeaac000 	C:\windows\SYSTEM32\cfgmgr32.dll
0x00007ffddeab0000 - 0x00007ffddeadc000 	C:\windows\SYSTEM32\DEVOBJ.dll
0x00007ffddc2c0000 - 0x00007ffddc2ef000 	C:\windows\SYSTEM32\dwmapi.dll
0x00007ffdb59e0000 - 0x00007ffdb5ba9000 	C:\windows\SYSTEM32\inputhost.dll
0x00007ffdd90b0000 - 0x00007ffdd91e2000 	C:\windows\SYSTEM32\CoreMessaging.dll
0x00007ffdde610000 - 0x00007ffdde61c000 	C:\windows\SYSTEM32\CRYPTBASE.DLL
0x00007ffdd9890000 - 0x00007ffdd993c000 	C:\windows\system32\uxtheme.dll
0x00007ffde0aa0000 - 0x00007ffde0bbe000 	C:\windows\System32\MSCTF.dll
0x00007ffd9df10000 - 0x00007ffd9e011000 	C:\windows\SYSTEM32\opengl32.dll
0x00007ffd9dea0000 - 0x00007ffd9decd000 	C:\windows\SYSTEM32\GLU32.dll
0x00007ffddc100000 - 0x00007ffddc138000 	C:\windows\SYSTEM32\dxcore.dll
0x00007ffdcd6d0000 - 0x00007ffdcd714000 	C:\windows\SYSTEM32\directxdatabasehelper.dll
0x00007ffddc1a0000 - 0x00007ffddc1d4000 	C:\windows\SYSTEM32\ntmarta.dll
0x00007ffde0390000 - 0x00007ffde043f000 	C:\windows\System32\clbcatq.dll
0x00007ffd55cc0000 - 0x00007ffd56ca3000 	C:\windows\System32\DriverStore\FileRepository\iigd_dch.inf_amd64_044f9a2ee7ccc703\igxelpicd64.dll
0x00007ffde01f0000 - 0x00007ffde038a000 	C:\windows\System32\ole32.dll
0x00007ffdd9a00000 - 0x00007ffdd9af3000 	C:\windows\system32\dxgi.dll
0x00007ffd68f90000 - 0x00007ffd6939d000 	C:\windows\System32\DriverStore\FileRepository\iigd_dch.inf_amd64_044f9a2ee7ccc703\igdml64.dll
0x00007ffdc5f90000 - 0x00007ffdc6355000 	C:\windows\System32\DriverStore\FileRepository\iigd_dch.inf_amd64_044f9a2ee7ccc703\igdgmm64.dll
0x00007ffdbe870000 - 0x00007ffdc1d33000 	C:\windows\System32\DriverStore\FileRepository\iigd_dch.inf_amd64_044f9a2ee7ccc703\igc64.dll
0x00007ffddd790000 - 0x00007ffddd7dd000 	C:\windows\SYSTEM32\powrprof.dll
0x00007ffddd880000 - 0x00007ffddd893000 	C:\windows\SYSTEM32\UMPDC.dll
0x00007ffdbc350000 - 0x00007ffdbc47d000 	C:\windows\SYSTEM32\textinputframework.dll
0x00007ffde0c60000 - 0x00007ffde0d36000 	C:\windows\System32\OLEAUT32.dll
0x00007ffdcbc10000 - 0x00007ffdcbf7d000 	C:\windows\SYSTEM32\CoreUIComponents.dll
0x00007ffd8df20000 - 0x00007ffd8df7d000 	C:\Users\maeth\AppData\Local\Temp\lwjglmaeth\3.3.0-build-21\lwjgl_opengl.dll
0x00007ffdd4590000 - 0x00007ffdd45a0000 	C:\Users\maeth\.p2\pool\plugins\org.eclipse.justj.openjdk.hotspot.jre.full.win32.x86_64_17.0.1.v20211116-1657\jre\bin\verify.dll
0x00007ffdcf8e0000 - 0x00007ffdcfa6e000 	C:\Users\maeth\.p2\pool\plugins\org.eclipse.justj.openjdk.hotspot.jre.full.win32.x86_64_17.0.1.v20211116-1657\jre\bin\awt.dll
0x00007ffdd97a0000 - 0x00007ffdd9831000 	C:\windows\SYSTEM32\apphelp.dll
0x00007ffd91c40000 - 0x00007ffd9207e000 	C:\Windows\System32\uiautomationcore.dll
0x00007ffdde4a0000 - 0x00007ffdde4c9000 	C:\Windows\System32\USERENV.dll
0x00007ffdd7f80000 - 0x00007ffdd7fe9000 	C:\Windows\System32\OLEACC.dll

dbghelp: loaded successfully - version: 4.0.5 - missing functions: none
symbol engine: initialized successfully - sym options: 0x614 - pdb path: .;C:\Users\maeth\.p2\pool\plugins\org.eclipse.justj.openjdk.hotspot.jre.full.win32.x86_64_17.0.1.v20211116-1657\jre\bin;C:\windows\SYSTEM32;C:\windows\WinSxS\amd64_microsoft.windows.common-controls_6595b64144ccf1df_6.0.22000.120_none_9d947278b86cc467;C:\Users\maeth\.p2\pool\plugins\org.eclipse.justj.openjdk.hotspot.jre.full.win32.x86_64_17.0.1.v20211116-1657\jre\bin\server;C:\Users\maeth\AppData\Local\Temp\lwjglmaeth\3.3.0-build-21;C:\windows\System32\DriverStore\FileRepository\iigd_dch.inf_amd64_044f9a2ee7ccc703

VM Arguments:
jvm_args: -ea -Dfile.encoding=Cp1252 -XX:+ShowCodeDetailsInExceptionMessages 
java_command: main.Main
java_class_path (initial): C:\Users\maeth\Coding Projects\Java\workspace\OTHS\bin;C:\Users\maeth\Coding Projects\Java\workspace\OTHS\library\lwjgl.jar;C:\Users\maeth\Coding Projects\Java\workspace\OTHS\library\lwjgl-assimp.jar;C:\Users\maeth\Coding Projects\Java\workspace\OTHS\library\lwjgl-assimp-javadoc.jar;C:\Users\maeth\Coding Projects\Java\workspace\OTHS\library\lwjgl-assimp-natives-windows.jar;C:\Users\maeth\Coding Projects\Java\workspace\OTHS\library\lwjgl-assimp-sources.jar;C:\Users\maeth\Coding Projects\Java\workspace\OTHS\library\lwjgl-bgfx.jar;C:\Users\maeth\Coding Projects\Java\workspace\OTHS\library\lwjgl-bgfx-javadoc.jar;C:\Users\maeth\Coding Projects\Java\workspace\OTHS\library\lwjgl-bgfx-natives-windows.jar;C:\Users\maeth\Coding Projects\Java\workspace\OTHS\library\lwjgl-bgfx-sources.jar;C:\Users\maeth\Coding Projects\Java\workspace\OTHS\library\lwjgl-cuda.jar;C:\Users\maeth\Coding Projects\Java\workspace\OTHS\library\lwjgl-cuda-javadoc.jar;C:\Users\maeth\Coding Projects\Java\workspace\OTHS\library\lwjgl-cuda-sources.jar;C:\Users\maeth\Coding Projects\Java\workspace\OTHS\library\lwjgl-egl.jar;C:\Users\maeth\Coding Projects\Java\workspace\OTHS\library\lwjgl-egl-javadoc.jar;C:\Users\maeth\Coding Projects\Java\workspace\OTHS\library\lwjgl-egl-sources.jar;C:\Users\maeth\Coding Projects\Java\workspace\OTHS\library\lwjgl-glfw.jar;C:\Users\maeth\Coding Projects\Java\workspace\OTHS\library\lwjgl-glfw-javadoc.jar;C:\Users\maeth\Coding Projects\Java\workspace\OTHS\library\lwjgl-glfw-natives-windows.jar;C:\Users\maeth\Coding Projects\Java\workspace\OTHS\library\lwjgl-glfw-sources.jar;C:\Users\maeth\Coding Projects\Java\workspace\OTHS\library\lwjgl-javadoc.jar;C:\Users\maeth\Coding Projects\Java\workspace\OTHS\library\lwjgl-jawt.jar;C:\Users\maeth\Coding Projects\Java\workspace\OTHS\library\lwjgl-jawt-javadoc.jar;C:\Users\maeth\Coding Projects\Java\workspace\OTHS\library\lwjgl-jawt-sources.jar;C:\Users\maeth\Coding Projects\Java\workspace\OTHS\library\lwjgl-je
Launcher Type: SUN_STANDARD

[Global flags]
     intx CICompilerCount                          = 12                                        {product} {ergonomic}
     uint ConcGCThreads                            = 3                                         {product} {ergonomic}
     uint G1ConcRefinementThreads                  = 13                                        {product} {ergonomic}
   size_t G1HeapRegionSize                         = 2097152                                   {product} {ergonomic}
    uintx GCDrainStackTargetSize                   = 64                                        {product} {ergonomic}
   size_t InitialHeapSize                          = 264241152                                 {product} {ergonomic}
   size_t MarkStackSize                            = 4194304                                   {product} {ergonomic}
   size_t MaxHeapSize                              = 4200595456                                {product} {ergonomic}
   size_t MaxNewSize                               = 2518679552                                {product} {ergonomic}
   size_t MinHeapDeltaBytes                        = 2097152                                   {product} {ergonomic}
   size_t MinHeapSize                              = 8388608                                   {product} {ergonomic}
    uintx NonNMethodCodeHeapSize                   = 7602480                                {pd product} {ergonomic}
    uintx NonProfiledCodeHeapSize                  = 122027880                              {pd product} {ergonomic}
    uintx ProfiledCodeHeapSize                     = 122027880                              {pd product} {ergonomic}
    uintx ReservedCodeCacheSize                    = 251658240                              {pd product} {ergonomic}
     bool SegmentedCodeCache                       = true                                      {product} {ergonomic}
     bool ShowCodeDetailsInExceptionMessages       = true                                   {manageable} {command line}
   size_t SoftMaxHeapSize                          = 4200595456                             {manageable} {ergonomic}
     bool UseCompressedClassPointers               = true                           {product lp64_product} {ergonomic}
     bool UseCompressedOops                        = true                           {product lp64_product} {ergonomic}
     bool UseG1GC                                  = true                                      {product} {ergonomic}
     bool UseLargePagesIndividualAllocation        = false                                  {pd product} {ergonomic}

Logging:
Log output configuration:
 #0: stdout all=warning uptime,level,tags
 #1: stderr all=off uptime,level,tags

Environment Variables:
PATH=C:/Users/maeth/.p2/pool/plugins/org.eclipse.justj.openjdk.hotspot.jre.full.win32.x86_64_17.0.1.v20211116-1657/jre/bin/server;C:/Users/maeth/.p2/pool/plugins/org.eclipse.justj.openjdk.hotspot.jre.full.win32.x86_64_17.0.1.v20211116-1657/jre/bin;C:\Program Files (x86)\Common Files\Oracle\Java\javapath;C:\windows\system32;C:\windows;C:\windows\System32\Wbem;C:\windows\System32\WindowsPowerShell\v1.0\;C:\windows\System32\OpenSSH\;C:\Program Files (x86)\NVIDIA Corporation\PhysX\Common;C:\Program Files\NVIDIA Corporation\NVIDIA NvDLISR;C:\msys64\mingw64\bin;C:\Program Files\Git\cmd;C:\Program Files (x86)\Git\cmd;C:\Users\maeth\AppData\Local\Microsoft\WindowsApps;C:\Users\maeth\AppData\Local\Programs\Microsoft VS Code\bin;C:\msys64\mingw64\bin;;C:\Users\maeth\Desktop;
USERNAME=maeth
OS=Windows_NT
PROCESSOR_IDENTIFIER=Intel64 Family 6 Model 141 Stepping 1, GenuineIntel



---------------  S Y S T E M  ---------------

OS:
 Windows 10 , 64 bit Build 22000 (10.0.22000.613)
OS uptime: 7 days 4:17 hours

CPU: total 16 (initial active 16) (8 cores per cpu, 2 threads per core) family 6 model 141 stepping 1 microcode 0x34, cx8, cmov, fxsr, ht, mmx, 3dnowpref, sse, sse2, sse3, ssse3, sse4.1, sse4.2, popcnt, lzcnt, tsc, tscinvbit, avx, avx2, aes, erms, clmul, bmi1, bmi2, adx, avx512f, avx512dq, avx512cd, avx512bw, avx512vl, sha, fma, vzeroupper, avx512_vpopcntdq, avx512_vpclmulqdq, avx512_vaes, avx512_vnni, clflush, clflushopt, clwb, avx512_vbmi2, avx512_vbmi

Memory: 4k page, system-wide physical 16021M (7501M free)
TotalPageFile size 29869M (AvailPageFile size 5011M)
current process WorkingSet (physical memory assigned to process): 172M, peak: 206M
current process commit charge ("private bytes"): 428M, peak: 428M

vm_info: OpenJDK 64-Bit Server VM (17.0.1+12) for windows-amd64 JRE (17.0.1+12), built on Oct 20 2021 07:42:55 by "" with MS VC++ 16.7 (VS2019)

END.
