#
# A fatal error has been detected by the Java Runtime Environment:
#
#  EXCEPTION_ACCESS_VIOLATION (0xc0000005) at pc=0x00007ffd55ce445c, pid=6744, tid=36276
#
# JRE version: OpenJDK Runtime Environment Temurin-17.0.1+12 (17.0.1+12) (build 17.0.1+12)
# Java VM: OpenJDK 64-Bit Server VM Temurin-17.0.1+12 (17.0.1+12, mixed mode, tiered, compressed oops, compressed class ptrs, g1 gc, windows-amd64)
# Problematic frame:
# C  [igxelpicd64.dll+0x2445c]
#
# No core dump will be written. Minidumps are not enabled by default on client versions of Windows
#
# If you would like to submit a bug report, please visit:
#   https://github.com/adoptium/adoptium-support/issues
# The crash happened outside the Java Virtual Machine in native code.
# See problematic frame for where to report the bug.
#

---------------  S U M M A R Y ------------

Command Line: -ea -Dfile.encoding=Cp1252 -XX:+ShowCodeDetailsInExceptionMessages main.Main

Host: 11th Gen Intel(R) Core(TM) i7-11800H @ 2.30GHz, 16 cores, 15G,  Windows 10 , 64 bit Build 22000 (10.0.22000.613)
Time: Thu Apr 28 13:05:24 2022 Eastern Daylight Time elapsed time: 5.421799 seconds (0d 0h 0m 5s)

---------------  T H R E A D  ---------------

Current thread (0x000002b97c87b7f0):  JavaThread "main" [_thread_in_native, id=36276, stack(0x000000e51b400000,0x000000e51b500000)]

Stack: [0x000000e51b400000,0x000000e51b500000],  sp=0x000000e51b4b3300,  free space=716k
Native frames: (J=compiled Java code, j=interpreted, Vv=VM code, C=native code)
C  [igxelpicd64.dll+0x2445c]

Java frames: (J=compiled Java code, j=interpreted, Vv=VM code)
J 1190  org.lwjgl.opengl.GL11C.nglDrawElements(IIIJ)V (0 bytes) @ 0x000002b90b1d00f6 [0x000002b90b1d00a0+0x0000000000000056]
J 1189 c1 org.lwjgl.opengl.GL11C.glDrawElements(IIIJ)V (8 bytes) @ 0x000002b903f1d66c [0x000002b903f1d620+0x000000000000004c]
j  org.lwjgl.opengl.GL11.glDrawElements(IIIJ)V+4
J 1176 c1 renderer.RenderBatch.render()V (208 bytes) @ 0x000002b903f16cac [0x000002b903f16240+0x0000000000000a6c]
J 1175 c1 renderer.Renderer.render()V (37 bytes) @ 0x000002b903f11d7c [0x000002b903f11a80+0x00000000000002fc]
J 1169 c1 scenes.TestScene.update(F)V (53 bytes) @ 0x000002b903f114fc [0x000002b903f11020+0x00000000000004dc]
j  main.Window.loop()V+35
j  main.Window.run()V+29
j  main.Main.main([Ljava/lang/String;)V+5
v  ~StubRoutines::call_stub

siginfo: EXCEPTION_ACCESS_VIOLATION (0xc0000005), reading address 0x0000000020000118


Register to memory mapping:

RIP=0x00007ffd55ce445c igxelpicd64.dll
RAX=0x0000000020000110 is an unknown value
RBX=0x0000000000000003 is an unknown value
RCX=0x0 is NULL
RDX=0x0000000020000000 is an unknown value
RSP=0x000000e51b4b3300 is pointing into the stack for thread: 0x000002b97c87b7f0
RBP=0x000000e51b4b3400 is pointing into the stack for thread: 0x000002b97c87b7f0
RSI=0x000002b9209fb380 points into unknown readable memory: 0x000002b91f38ac80 | 80 ac 38 1f b9 02 00 00
RDI=0x000002b920fce010 points into unknown readable memory: 0x00007ffd567a6e28 | 28 6e 7a 56 fd 7f 00 00
R8 =0x0 is NULL
R9 =0x0 is NULL
R10=0x000000e51b4b41a8 is pointing into the stack for thread: 0x000002b97c87b7f0
R11=0x0 is NULL
R12=0x0000000000000003 is an unknown value
R13=0x000002b91f49c6c0 points into unknown readable memory: 0x0000b13411000001 | 01 00 00 11 34 b1 00 00
R14=0x0 is NULL
R15=0x000002b920a30a90 points into unknown readable memory: 0x0000000000000000 | 00 00 00 00 00 00 00 00


Registers:
RAX=0x0000000020000110, RBX=0x0000000000000003, RCX=0x0000000000000000, RDX=0x0000000020000000
RSP=0x000000e51b4b3300, RBP=0x000000e51b4b3400, RSI=0x000002b9209fb380, RDI=0x000002b920fce010
R8 =0x0000000000000000, R9 =0x0000000000000000, R10=0x000000e51b4b41a8, R11=0x0000000000000000
R12=0x0000000000000003, R13=0x000002b91f49c6c0, R14=0x0000000000000000, R15=0x000002b920a30a90
RIP=0x00007ffd55ce445c, EFLAGS=0x0000000000010202

Top of Stack: (sp=0x000000e51b4b3300)
0x000000e51b4b3300:   000002b91f49c6c0 000002b9209fb380
0x000000e51b4b3310:   0000000000000000 0000000000000000
0x000000e51b4b3320:   0000000000000000 000002b91f3f2aa0
0x000000e51b4b3330:   0000000000000008 000002b900000000
0x000000e51b4b3340:   0000000000000000 000002b91f470d80
0x000000e51b4b3350:   000002b91f49c6c0 000002b920ef1168
0x000000e51b4b3360:   000002b9212c1820 000000000000003f
0x000000e51b4b3370:   000002b920ef1178 000002b91f4ab1d0
0x000000e51b4b3380:   0000000000000001 000002b900000001
0x000000e51b4b3390:   000002b900000010 000002b9ffffffff
0x000000e51b4b33a0:   000002b9212a8300 000002b9ffffffff
0x000000e51b4b33b0:   0000000000000000 000002b921a30000
0x000000e51b4b33c0:   000002b923900130 0000000000000000
0x000000e51b4b33d0:   0000000000000174 000000e51b4fdbe0
0x000000e51b4b33e0:   0000800400119000 000002b91f471200
0x000000e51b4b33f0:   0000000000000001 000002b920a69910 

Instructions: (pc=0x00007ffd55ce445c)
0x00007ffd55ce435c:   00 42 38 84 27 36 01 00 00 0f 85 fe 00 00 00 48
0x00007ffd55ce436c:   8b 55 70 48 81 c2 c4 25 01 00 4a 8d 14 e2 4a 8d
0x00007ffd55ce437c:   1c cd 04 00 00 00 49 03 d8 48 81 fb 00 10 00 00
0x00007ffd55ce438c:   76 1e 48 85 d2 74 19 41 b8 08 00 00 00 48 8b cb
0x00007ffd55ce439c:   e8 9f 23 ff ff 4c 8b 4d b0 44 8b 9d 90 00 00 00
0x00007ffd55ce43ac:   4c 8b 95 90 0d 00 00 4d 85 d2 74 53 8b 0b 44 8b
0x00007ffd55ce43bc:   c1 41 81 e0 ff 0f 00 00 48 c1 e9 10 81 e1 ff 01
0x00007ffd55ce43cc:   00 00 48 8b 05 33 72 ee 00 8b 14 c8 48 c1 ea 10
0x00007ffd55ce43dc:   83 e2 3f 83 c2 03 83 e2 fc 8b 85 98 0d 00 00 48
0x00007ffd55ce43ec:   8d 0c 40 45 89 04 8a 41 89 54 8a 04 8b 45 90 41
0x00007ffd55ce43fc:   89 44 8a 08 ff 85 98 0d 00 00 03 c2 89 45 90 42
0x00007ffd55ce440c:   0f b6 84 8f 59 05 00 00 a8 08 0f 85 f0 45 93 00
0x00007ffd55ce441c:   4a 0f be 84 0f 2e 05 00 00 48 8b 94 c5 e0 a7 04
0x00007ffd55ce442c:   00 48 85 d2 0f 84 6a 01 00 00 8b 8e 80 17 04 00
0x00007ffd55ce443c:   41 8b dc 83 f9 10 0f 83 ff 09 00 00 48 8d 04 cd
0x00007ffd55ce444c:   22 00 00 00 48 03 c1 48 8d 04 c2 48 85 c0 74 0d
0x00007ffd55ce445c:   48 8b 50 08 48 85 d2 0f 85 21 19 00 00 41 ff c3
0x00007ffd55ce446c:   44 89 9d 90 00 00 00 ff c3 0f b6 87 ca 04 00 00
0x00007ffd55ce447c:   4c 8b 45 c0 44 3b d8 0f 82 69 fe ff ff 8b 55 88
0x00007ffd55ce448c:   44 8b 55 90 84 c0 0f 84 bb 45 93 00 48 8b 85 50
0x00007ffd55ce449c:   a1 04 00 80 b8 40 1c 04 00 00 0f 85 69 0d 00 00
0x00007ffd55ce44ac:   85 d2 0f 85 bb 15 00 00 44 8b 45 a8 8b 55 98 45
0x00007ffd55ce44bc:   39 85 94 4d 01 00 0f 85 ad 0d 00 00 41 39 95 98
0x00007ffd55ce44cc:   4d 01 00 0f 85 a0 0d 00 00 f7 86 d0 f9 03 00 00
0x00007ffd55ce44dc:   00 00 02 0f 85 90 0d 00 00 44 8b 55 60 44 8b 4d
0x00007ffd55ce44ec:   48 44 8b 45 40 45 39 95 9c 4d 01 00 0f 85 f5 0d
0x00007ffd55ce44fc:   00 00 45 39 8d a0 4d 01 00 0f 85 e8 0d 00 00 45
0x00007ffd55ce450c:   39 85 a4 4d 01 00 0f 85 db 0d 00 00 f7 86 d0 f9
0x00007ffd55ce451c:   03 00 00 00 00 02 0f 85 cb 0d 00 00 4c 8b ae 78
0x00007ffd55ce452c:   54 03 00 48 8b 85 00 9d 04 00 80 b8 40 1c 04 00
0x00007ffd55ce453c:   00 74 61 8b bd 18 a1 04 00 85 ff 74 57 48 8b 9d
0x00007ffd55ce454c:   10 a1 04 00 44 8b 63 28 8b 85 20 a1 04 00 2b 43 


Stack slot to memory mapping:
stack at sp + 0 slots: 0x000002b91f49c6c0 points into unknown readable memory: 0x0000b13411000001 | 01 00 00 11 34 b1 00 00
stack at sp + 1 slots: 0x000002b9209fb380 points into unknown readable memory: 0x000002b91f38ac80 | 80 ac 38 1f b9 02 00 00
stack at sp + 2 slots: 0x0 is NULL
stack at sp + 3 slots: 0x0 is NULL
stack at sp + 4 slots: 0x0 is NULL
stack at sp + 5 slots: 0x000002b91f3f2aa0 points into unknown readable memory: 0x000002b92097e300 | 00 e3 97 20 b9 02 00 00
stack at sp + 6 slots: 0x0000000000000008 is an unknown value
stack at sp + 7 slots: 0x000002b900000000 points into unknown readable memory: 0x00010000cafedada | da da fe ca 00 00 01 00


---------------  P R O C E S S  ---------------

Threads class SMR info:
_java_thread_list=0x000002b9210659a0, length=14, elements={
0x000002b97c87b7f0, 0x000002b91df55c40, 0x000002b91e861020, 0x000002b91e84c680,
0x000002b91e84d440, 0x000002b91e84ddf0, 0x000002b91e84e7a0, 0x000002b91e8a3420,
0x000002b91e8acdf0, 0x000002b91e8adb00, 0x000002b91eb476a0, 0x000002b91eb84cf0,
0x000002b91eb8de60, 0x000002b9212d4910
}

Java Threads: ( => current thread )
=>0x000002b97c87b7f0 JavaThread "main" [_thread_in_native, id=36276, stack(0x000000e51b400000,0x000000e51b500000)]
  0x000002b91df55c40 JavaThread "Reference Handler" daemon [_thread_blocked, id=22416, stack(0x000000e51bb00000,0x000000e51bc00000)]
  0x000002b91e861020 JavaThread "Finalizer" daemon [_thread_blocked, id=22552, stack(0x000000e51bc00000,0x000000e51bd00000)]
  0x000002b91e84c680 JavaThread "Signal Dispatcher" daemon [_thread_blocked, id=36584, stack(0x000000e51bd00000,0x000000e51be00000)]
  0x000002b91e84d440 JavaThread "Attach Listener" daemon [_thread_blocked, id=18648, stack(0x000000e51be00000,0x000000e51bf00000)]
  0x000002b91e84ddf0 JavaThread "Service Thread" daemon [_thread_blocked, id=5540, stack(0x000000e51bf00000,0x000000e51c000000)]
  0x000002b91e84e7a0 JavaThread "Monitor Deflation Thread" daemon [_thread_blocked, id=29880, stack(0x000000e51c000000,0x000000e51c100000)]
  0x000002b91e8a3420 JavaThread "C2 CompilerThread0" daemon [_thread_blocked, id=35680, stack(0x000000e51c100000,0x000000e51c200000)]
  0x000002b91e8acdf0 JavaThread "C1 CompilerThread0" daemon [_thread_blocked, id=36596, stack(0x000000e51c200000,0x000000e51c300000)]
  0x000002b91e8adb00 JavaThread "Sweeper thread" daemon [_thread_blocked, id=18528, stack(0x000000e51c300000,0x000000e51c400000)]
  0x000002b91eb476a0 JavaThread "C1 CompilerThread1" daemon [_thread_blocked, id=25992, stack(0x000000e51c400000,0x000000e51c500000)]
  0x000002b91eb84cf0 JavaThread "Notification Thread" daemon [_thread_blocked, id=18584, stack(0x000000e51c600000,0x000000e51c700000)]
  0x000002b91eb8de60 JavaThread "Common-Cleaner" daemon [_thread_blocked, id=21204, stack(0x000000e51c800000,0x000000e51c900000)]
  0x000002b9212d4910 JavaThread "Java2D Disposer" daemon [_thread_blocked, id=36616, stack(0x000000e51cf00000,0x000000e51d000000)]

Other Threads:
  0x000002b91df523e0 VMThread "VM Thread" [stack: 0x000000e51ba00000,0x000000e51bb00000] [id=13520]
  0x000002b91eb851c0 WatcherThread [stack: 0x000000e51c700000,0x000000e51c800000] [id=35096]
  0x000002b97eb22c40 GCTaskThread "GC Thread#0" [stack: 0x000000e51b500000,0x000000e51b600000] [id=22944]
  0x000002b97eb33d70 ConcurrentGCThread "G1 Main Marker" [stack: 0x000000e51b600000,0x000000e51b700000] [id=5732]
  0x000002b97eb34780 ConcurrentGCThread "G1 Conc#0" [stack: 0x000000e51b700000,0x000000e51b800000] [id=35544]
  0x000002b97eb9d660 ConcurrentGCThread "G1 Refine#0" [stack: 0x000000e51b800000,0x000000e51b900000] [id=28916]
  0x000002b97eb9e080 ConcurrentGCThread "G1 Service" [stack: 0x000000e51b900000,0x000000e51ba00000] [id=20328]

Threads with active compile tasks:

VM state: not at safepoint (normal execution)

VM Mutex/Monitor currently owned by a thread: None

Heap address: 0x0000000705a00000, size: 4006 MB, Compressed Oops mode: Zero based, Oop shift amount: 3

CDS archive(s) not mapped
Compressed class space mapped at: 0x0000000800000000-0x0000000840000000, reserved size: 1073741824
Narrow klass base: 0x0000000800000000, Narrow klass shift: 0, Narrow klass range: 0x40000000

GC Precious Log:
 CPUs: 16 total, 16 available
 Memory: 16021M
 Large Page Support: Disabled
 NUMA Support: Disabled
 Compressed Oops: Enabled (Zero based)
 Heap Region Size: 2M
 Heap Min Capacity: 8M
 Heap Initial Capacity: 252M
 Heap Max Capacity: 4006M
 Pre-touch: Disabled
 Parallel Workers: 13
 Concurrent Workers: 3
 Concurrent Refinement Workers: 13
 Periodic GC: Disabled

Heap:
 garbage-first heap   total 258048K, used 18432K [0x0000000705a00000, 0x0000000800000000)
  region size 2048K, 10 young (20480K), 0 survivors (0K)
 Metaspace       used 14278K, committed 14464K, reserved 1064960K
  class space    used 1036K, committed 1152K, reserved 1048576K

Heap Regions: E=young(eden), S=young(survivor), O=old, HS=humongous(starts), HC=humongous(continues), CS=collection set, F=free, OA=open archive, CA=closed archive, TAMS=top-at-mark-start (previous, next)
|   0|0x0000000705a00000, 0x0000000705a00000, 0x0000000705c00000|  0%| F|  |TAMS 0x0000000705a00000, 0x0000000705a00000| Untracked 
|   1|0x0000000705c00000, 0x0000000705c00000, 0x0000000705e00000|  0%| F|  |TAMS 0x0000000705c00000, 0x0000000705c00000| Untracked 
|   2|0x0000000705e00000, 0x0000000705e00000, 0x0000000706000000|  0%| F|  |TAMS 0x0000000705e00000, 0x0000000705e00000| Untracked 
|   3|0x0000000706000000, 0x0000000706000000, 0x0000000706200000|  0%| F|  |TAMS 0x0000000706000000, 0x0000000706000000| Untracked 
|   4|0x0000000706200000, 0x0000000706200000, 0x0000000706400000|  0%| F|  |TAMS 0x0000000706200000, 0x0000000706200000| Untracked 
|   5|0x0000000706400000, 0x0000000706400000, 0x0000000706600000|  0%| F|  |TAMS 0x0000000706400000, 0x0000000706400000| Untracked 
|   6|0x0000000706600000, 0x0000000706600000, 0x0000000706800000|  0%| F|  |TAMS 0x0000000706600000, 0x0000000706600000| Untracked 
|   7|0x0000000706800000, 0x0000000706800000, 0x0000000706a00000|  0%| F|  |TAMS 0x0000000706800000, 0x0000000706800000| Untracked 
|   8|0x0000000706a00000, 0x0000000706a00000, 0x0000000706c00000|  0%| F|  |TAMS 0x0000000706a00000, 0x0000000706a00000| Untracked 
|   9|0x0000000706c00000, 0x0000000706c00000, 0x0000000706e00000|  0%| F|  |TAMS 0x0000000706c00000, 0x0000000706c00000| Untracked 
|  10|0x0000000706e00000, 0x0000000706e00000, 0x0000000707000000|  0%| F|  |TAMS 0x0000000706e00000, 0x0000000706e00000| Untracked 
|  11|0x0000000707000000, 0x0000000707000000, 0x0000000707200000|  0%| F|  |TAMS 0x0000000707000000, 0x0000000707000000| Untracked 
|  12|0x0000000707200000, 0x0000000707200000, 0x0000000707400000|  0%| F|  |TAMS 0x0000000707200000, 0x0000000707200000| Untracked 
|  13|0x0000000707400000, 0x0000000707400000, 0x0000000707600000|  0%| F|  |TAMS 0x0000000707400000, 0x0000000707400000| Untracked 
|  14|0x0000000707600000, 0x0000000707600000, 0x0000000707800000|  0%| F|  |TAMS 0x0000000707600000, 0x0000000707600000| Untracked 
|  15|0x0000000707800000, 0x0000000707800000, 0x0000000707a00000|  0%| F|  |TAMS 0x0000000707800000, 0x0000000707800000| Untracked 
|  16|0x0000000707a00000, 0x0000000707a00000, 0x0000000707c00000|  0%| F|  |TAMS 0x0000000707a00000, 0x0000000707a00000| Untracked 
|  17|0x0000000707c00000, 0x0000000707c00000, 0x0000000707e00000|  0%| F|  |TAMS 0x0000000707c00000, 0x0000000707c00000| Untracked 
|  18|0x0000000707e00000, 0x0000000707e00000, 0x0000000708000000|  0%| F|  |TAMS 0x0000000707e00000, 0x0000000707e00000| Untracked 
|  19|0x0000000708000000, 0x0000000708000000, 0x0000000708200000|  0%| F|  |TAMS 0x0000000708000000, 0x0000000708000000| Untracked 
|  20|0x0000000708200000, 0x0000000708200000, 0x0000000708400000|  0%| F|  |TAMS 0x0000000708200000, 0x0000000708200000| Untracked 
|  21|0x0000000708400000, 0x0000000708400000, 0x0000000708600000|  0%| F|  |TAMS 0x0000000708400000, 0x0000000708400000| Untracked 
|  22|0x0000000708600000, 0x0000000708600000, 0x0000000708800000|  0%| F|  |TAMS 0x0000000708600000, 0x0000000708600000| Untracked 
|  23|0x0000000708800000, 0x0000000708800000, 0x0000000708a00000|  0%| F|  |TAMS 0x0000000708800000, 0x0000000708800000| Untracked 
|  24|0x0000000708a00000, 0x0000000708a00000, 0x0000000708c00000|  0%| F|  |TAMS 0x0000000708a00000, 0x0000000708a00000| Untracked 
|  25|0x0000000708c00000, 0x0000000708c00000, 0x0000000708e00000|  0%| F|  |TAMS 0x0000000708c00000, 0x0000000708c00000| Untracked 
|  26|0x0000000708e00000, 0x0000000708e00000, 0x0000000709000000|  0%| F|  |TAMS 0x0000000708e00000, 0x0000000708e00000| Untracked 
|  27|0x0000000709000000, 0x0000000709000000, 0x0000000709200000|  0%| F|  |TAMS 0x0000000709000000, 0x0000000709000000| Untracked 
|  28|0x0000000709200000, 0x0000000709200000, 0x0000000709400000|  0%| F|  |TAMS 0x0000000709200000, 0x0000000709200000| Untracked 
|  29|0x0000000709400000, 0x0000000709400000, 0x0000000709600000|  0%| F|  |TAMS 0x0000000709400000, 0x0000000709400000| Untracked 
|  30|0x0000000709600000, 0x0000000709600000, 0x0000000709800000|  0%| F|  |TAMS 0x0000000709600000, 0x0000000709600000| Untracked 
|  31|0x0000000709800000, 0x0000000709800000, 0x0000000709a00000|  0%| F|  |TAMS 0x0000000709800000, 0x0000000709800000| Untracked 
|  32|0x0000000709a00000, 0x0000000709a00000, 0x0000000709c00000|  0%| F|  |TAMS 0x0000000709a00000, 0x0000000709a00000| Untracked 
|  33|0x0000000709c00000, 0x0000000709c00000, 0x0000000709e00000|  0%| F|  |TAMS 0x0000000709c00000, 0x0000000709c00000| Untracked 
|  34|0x0000000709e00000, 0x0000000709e00000, 0x000000070a000000|  0%| F|  |TAMS 0x0000000709e00000, 0x0000000709e00000| Untracked 
|  35|0x000000070a000000, 0x000000070a000000, 0x000000070a200000|  0%| F|  |TAMS 0x000000070a000000, 0x000000070a000000| Untracked 
|  36|0x000000070a200000, 0x000000070a200000, 0x000000070a400000|  0%| F|  |TAMS 0x000000070a200000, 0x000000070a200000| Untracked 
|  37|0x000000070a400000, 0x000000070a400000, 0x000000070a600000|  0%| F|  |TAMS 0x000000070a400000, 0x000000070a400000| Untracked 
|  38|0x000000070a600000, 0x000000070a600000, 0x000000070a800000|  0%| F|  |TAMS 0x000000070a600000, 0x000000070a600000| Untracked 
|  39|0x000000070a800000, 0x000000070a800000, 0x000000070aa00000|  0%| F|  |TAMS 0x000000070a800000, 0x000000070a800000| Untracked 
|  40|0x000000070aa00000, 0x000000070aa00000, 0x000000070ac00000|  0%| F|  |TAMS 0x000000070aa00000, 0x000000070aa00000| Untracked 
|  41|0x000000070ac00000, 0x000000070ac00000, 0x000000070ae00000|  0%| F|  |TAMS 0x000000070ac00000, 0x000000070ac00000| Untracked 
|  42|0x000000070ae00000, 0x000000070ae00000, 0x000000070b000000|  0%| F|  |TAMS 0x000000070ae00000, 0x000000070ae00000| Untracked 
|  43|0x000000070b000000, 0x000000070b000000, 0x000000070b200000|  0%| F|  |TAMS 0x000000070b000000, 0x000000070b000000| Untracked 
|  44|0x000000070b200000, 0x000000070b200000, 0x000000070b400000|  0%| F|  |TAMS 0x000000070b200000, 0x000000070b200000| Untracked 
|  45|0x000000070b400000, 0x000000070b400000, 0x000000070b600000|  0%| F|  |TAMS 0x000000070b400000, 0x000000070b400000| Untracked 
|  46|0x000000070b600000, 0x000000070b600000, 0x000000070b800000|  0%| F|  |TAMS 0x000000070b600000, 0x000000070b600000| Untracked 
|  47|0x000000070b800000, 0x000000070b800000, 0x000000070ba00000|  0%| F|  |TAMS 0x000000070b800000, 0x000000070b800000| Untracked 
|  48|0x000000070ba00000, 0x000000070ba00000, 0x000000070bc00000|  0%| F|  |TAMS 0x000000070ba00000, 0x000000070ba00000| Untracked 
|  49|0x000000070bc00000, 0x000000070bc00000, 0x000000070be00000|  0%| F|  |TAMS 0x000000070bc00000, 0x000000070bc00000| Untracked 
|  50|0x000000070be00000, 0x000000070be00000, 0x000000070c000000|  0%| F|  |TAMS 0x000000070be00000, 0x000000070be00000| Untracked 
|  51|0x000000070c000000, 0x000000070c000000, 0x000000070c200000|  0%| F|  |TAMS 0x000000070c000000, 0x000000070c000000| Untracked 
|  52|0x000000070c200000, 0x000000070c200000, 0x000000070c400000|  0%| F|  |TAMS 0x000000070c200000, 0x000000070c200000| Untracked 
|  53|0x000000070c400000, 0x000000070c400000, 0x000000070c600000|  0%| F|  |TAMS 0x000000070c400000, 0x000000070c400000| Untracked 
|  54|0x000000070c600000, 0x000000070c600000, 0x000000070c800000|  0%| F|  |TAMS 0x000000070c600000, 0x000000070c600000| Untracked 
|  55|0x000000070c800000, 0x000000070c800000, 0x000000070ca00000|  0%| F|  |TAMS 0x000000070c800000, 0x000000070c800000| Untracked 
|  56|0x000000070ca00000, 0x000000070ca00000, 0x000000070cc00000|  0%| F|  |TAMS 0x000000070ca00000, 0x000000070ca00000| Untracked 
|  57|0x000000070cc00000, 0x000000070cc00000, 0x000000070ce00000|  0%| F|  |TAMS 0x000000070cc00000, 0x000000070cc00000| Untracked 
|  58|0x000000070ce00000, 0x000000070ce00000, 0x000000070d000000|  0%| F|  |TAMS 0x000000070ce00000, 0x000000070ce00000| Untracked 
|  59|0x000000070d000000, 0x000000070d000000, 0x000000070d200000|  0%| F|  |TAMS 0x000000070d000000, 0x000000070d000000| Untracked 
|  60|0x000000070d200000, 0x000000070d200000, 0x000000070d400000|  0%| F|  |TAMS 0x000000070d200000, 0x000000070d200000| Untracked 
|  61|0x000000070d400000, 0x000000070d400000, 0x000000070d600000|  0%| F|  |TAMS 0x000000070d400000, 0x000000070d400000| Untracked 
|  62|0x000000070d600000, 0x000000070d600000, 0x000000070d800000|  0%| F|  |TAMS 0x000000070d600000, 0x000000070d600000| Untracked 
|  63|0x000000070d800000, 0x000000070d800000, 0x000000070da00000|  0%| F|  |TAMS 0x000000070d800000, 0x000000070d800000| Untracked 
|  64|0x000000070da00000, 0x000000070da00000, 0x000000070dc00000|  0%| F|  |TAMS 0x000000070da00000, 0x000000070da00000| Untracked 
|  65|0x000000070dc00000, 0x000000070dc00000, 0x000000070de00000|  0%| F|  |TAMS 0x000000070dc00000, 0x000000070dc00000| Untracked 
|  66|0x000000070de00000, 0x000000070de00000, 0x000000070e000000|  0%| F|  |TAMS 0x000000070de00000, 0x000000070de00000| Untracked 
|  67|0x000000070e000000, 0x000000070e000000, 0x000000070e200000|  0%| F|  |TAMS 0x000000070e000000, 0x000000070e000000| Untracked 
|  68|0x000000070e200000, 0x000000070e200000, 0x000000070e400000|  0%| F|  |TAMS 0x000000070e200000, 0x000000070e200000| Untracked 
|  69|0x000000070e400000, 0x000000070e400000, 0x000000070e600000|  0%| F|  |TAMS 0x000000070e400000, 0x000000070e400000| Untracked 
|  70|0x000000070e600000, 0x000000070e600000, 0x000000070e800000|  0%| F|  |TAMS 0x000000070e600000, 0x000000070e600000| Untracked 
|  71|0x000000070e800000, 0x000000070e800000, 0x000000070ea00000|  0%| F|  |TAMS 0x000000070e800000, 0x000000070e800000| Untracked 
|  72|0x000000070ea00000, 0x000000070ea00000, 0x000000070ec00000|  0%| F|  |TAMS 0x000000070ea00000, 0x000000070ea00000| Untracked 
|  73|0x000000070ec00000, 0x000000070ec00000, 0x000000070ee00000|  0%| F|  |TAMS 0x000000070ec00000, 0x000000070ec00000| Untracked 
|  74|0x000000070ee00000, 0x000000070ee00000, 0x000000070f000000|  0%| F|  |TAMS 0x000000070ee00000, 0x000000070ee00000| Untracked 
|  75|0x000000070f000000, 0x000000070f000000, 0x000000070f200000|  0%| F|  |TAMS 0x000000070f000000, 0x000000070f000000| Untracked 
|  76|0x000000070f200000, 0x000000070f200000, 0x000000070f400000|  0%| F|  |TAMS 0x000000070f200000, 0x000000070f200000| Untracked 
|  77|0x000000070f400000, 0x000000070f400000, 0x000000070f600000|  0%| F|  |TAMS 0x000000070f400000, 0x000000070f400000| Untracked 
|  78|0x000000070f600000, 0x000000070f600000, 0x000000070f800000|  0%| F|  |TAMS 0x000000070f600000, 0x000000070f600000| Untracked 
|  79|0x000000070f800000, 0x000000070f800000, 0x000000070fa00000|  0%| F|  |TAMS 0x000000070f800000, 0x000000070f800000| Untracked 
|  80|0x000000070fa00000, 0x000000070fa00000, 0x000000070fc00000|  0%| F|  |TAMS 0x000000070fa00000, 0x000000070fa00000| Untracked 
|  81|0x000000070fc00000, 0x000000070fc00000, 0x000000070fe00000|  0%| F|  |TAMS 0x000000070fc00000, 0x000000070fc00000| Untracked 
|  82|0x000000070fe00000, 0x000000070fe00000, 0x0000000710000000|  0%| F|  |TAMS 0x000000070fe00000, 0x000000070fe00000| Untracked 
|  83|0x0000000710000000, 0x0000000710000000, 0x0000000710200000|  0%| F|  |TAMS 0x0000000710000000, 0x0000000710000000| Untracked 
|  84|0x0000000710200000, 0x0000000710200000, 0x0000000710400000|  0%| F|  |TAMS 0x0000000710200000, 0x0000000710200000| Untracked 
|  85|0x0000000710400000, 0x0000000710400000, 0x0000000710600000|  0%| F|  |TAMS 0x0000000710400000, 0x0000000710400000| Untracked 
|  86|0x0000000710600000, 0x0000000710600000, 0x0000000710800000|  0%| F|  |TAMS 0x0000000710600000, 0x0000000710600000| Untracked 
|  87|0x0000000710800000, 0x0000000710800000, 0x0000000710a00000|  0%| F|  |TAMS 0x0000000710800000, 0x0000000710800000| Untracked 
|  88|0x0000000710a00000, 0x0000000710a00000, 0x0000000710c00000|  0%| F|  |TAMS 0x0000000710a00000, 0x0000000710a00000| Untracked 
|  89|0x0000000710c00000, 0x0000000710c00000, 0x0000000710e00000|  0%| F|  |TAMS 0x0000000710c00000, 0x0000000710c00000| Untracked 
|  90|0x0000000710e00000, 0x0000000710e00000, 0x0000000711000000|  0%| F|  |TAMS 0x0000000710e00000, 0x0000000710e00000| Untracked 
|  91|0x0000000711000000, 0x0000000711000000, 0x0000000711200000|  0%| F|  |TAMS 0x0000000711000000, 0x0000000711000000| Untracked 
|  92|0x0000000711200000, 0x0000000711200000, 0x0000000711400000|  0%| F|  |TAMS 0x0000000711200000, 0x0000000711200000| Untracked 
|  93|0x0000000711400000, 0x0000000711400000, 0x0000000711600000|  0%| F|  |TAMS 0x0000000711400000, 0x0000000711400000| Untracked 
|  94|0x0000000711600000, 0x0000000711600000, 0x0000000711800000|  0%| F|  |TAMS 0x0000000711600000, 0x0000000711600000| Untracked 
|  95|0x0000000711800000, 0x0000000711800000, 0x0000000711a00000|  0%| F|  |TAMS 0x0000000711800000, 0x0000000711800000| Untracked 
|  96|0x0000000711a00000, 0x0000000711a00000, 0x0000000711c00000|  0%| F|  |TAMS 0x0000000711a00000, 0x0000000711a00000| Untracked 
|  97|0x0000000711c00000, 0x0000000711c00000, 0x0000000711e00000|  0%| F|  |TAMS 0x0000000711c00000, 0x0000000711c00000| Untracked 
|  98|0x0000000711e00000, 0x0000000711e00000, 0x0000000712000000|  0%| F|  |TAMS 0x0000000711e00000, 0x0000000711e00000| Untracked 
|  99|0x0000000712000000, 0x0000000712000000, 0x0000000712200000|  0%| F|  |TAMS 0x0000000712000000, 0x0000000712000000| Untracked 
| 100|0x0000000712200000, 0x0000000712200000, 0x0000000712400000|  0%| F|  |TAMS 0x0000000712200000, 0x0000000712200000| Untracked 
| 101|0x0000000712400000, 0x0000000712400000, 0x0000000712600000|  0%| F|  |TAMS 0x0000000712400000, 0x0000000712400000| Untracked 
| 102|0x0000000712600000, 0x0000000712600000, 0x0000000712800000|  0%| F|  |TAMS 0x0000000712600000, 0x0000000712600000| Untracked 
| 103|0x0000000712800000, 0x0000000712800000, 0x0000000712a00000|  0%| F|  |TAMS 0x0000000712800000, 0x0000000712800000| Untracked 
| 104|0x0000000712a00000, 0x0000000712a00000, 0x0000000712c00000|  0%| F|  |TAMS 0x0000000712a00000, 0x0000000712a00000| Untracked 
| 105|0x0000000712c00000, 0x0000000712c00000, 0x0000000712e00000|  0%| F|  |TAMS 0x0000000712c00000, 0x0000000712c00000| Untracked 
| 106|0x0000000712e00000, 0x0000000712e00000, 0x0000000713000000|  0%| F|  |TAMS 0x0000000712e00000, 0x0000000712e00000| Untracked 
| 107|0x0000000713000000, 0x0000000713000000, 0x0000000713200000|  0%| F|  |TAMS 0x0000000713000000, 0x0000000713000000| Untracked 
| 108|0x0000000713200000, 0x0000000713200000, 0x0000000713400000|  0%| F|  |TAMS 0x0000000713200000, 0x0000000713200000| Untracked 
| 109|0x0000000713400000, 0x0000000713400000, 0x0000000713600000|  0%| F|  |TAMS 0x0000000713400000, 0x0000000713400000| Untracked 
| 110|0x0000000713600000, 0x0000000713600000, 0x0000000713800000|  0%| F|  |TAMS 0x0000000713600000, 0x0000000713600000| Untracked 
| 111|0x0000000713800000, 0x0000000713800000, 0x0000000713a00000|  0%| F|  |TAMS 0x0000000713800000, 0x0000000713800000| Untracked 
| 112|0x0000000713a00000, 0x0000000713a00000, 0x0000000713c00000|  0%| F|  |TAMS 0x0000000713a00000, 0x0000000713a00000| Untracked 
| 113|0x0000000713c00000, 0x0000000713c00000, 0x0000000713e00000|  0%| F|  |TAMS 0x0000000713c00000, 0x0000000713c00000| Untracked 
| 114|0x0000000713e00000, 0x0000000713e00000, 0x0000000714000000|  0%| F|  |TAMS 0x0000000713e00000, 0x0000000713e00000| Untracked 
| 115|0x0000000714000000, 0x0000000714000000, 0x0000000714200000|  0%| F|  |TAMS 0x0000000714000000, 0x0000000714000000| Untracked 
| 116|0x0000000714200000, 0x000000071437a3c0, 0x0000000714400000| 73%| E|  |TAMS 0x0000000714200000, 0x0000000714200000| Complete 
| 117|0x0000000714400000, 0x0000000714600000, 0x0000000714600000|100%| E|CS|TAMS 0x0000000714400000, 0x0000000714400000| Complete 
| 118|0x0000000714600000, 0x0000000714800000, 0x0000000714800000|100%| E|CS|TAMS 0x0000000714600000, 0x0000000714600000| Complete 
| 119|0x0000000714800000, 0x0000000714a00000, 0x0000000714a00000|100%| E|CS|TAMS 0x0000000714800000, 0x0000000714800000| Complete 
| 120|0x0000000714a00000, 0x0000000714c00000, 0x0000000714c00000|100%| E|CS|TAMS 0x0000000714a00000, 0x0000000714a00000| Complete 
| 121|0x0000000714c00000, 0x0000000714e00000, 0x0000000714e00000|100%| E|CS|TAMS 0x0000000714c00000, 0x0000000714c00000| Complete 
| 122|0x0000000714e00000, 0x0000000715000000, 0x0000000715000000|100%| E|CS|TAMS 0x0000000714e00000, 0x0000000714e00000| Complete 
| 123|0x0000000715000000, 0x0000000715200000, 0x0000000715200000|100%| E|CS|TAMS 0x0000000715000000, 0x0000000715000000| Complete 
| 124|0x0000000715200000, 0x0000000715400000, 0x0000000715400000|100%| E|CS|TAMS 0x0000000715200000, 0x0000000715200000| Complete 
| 125|0x0000000715400000, 0x0000000715600000, 0x0000000715600000|100%| E|CS|TAMS 0x0000000715400000, 0x0000000715400000| Complete 

Card table byte_map: [0x000002b9125d0000,0x000002b912db0000] _byte_map_base: 0x000002b90eda3000

Marking Bits (Prev, Next): (CMBitMap*) 0x000002b97eb23250, (CMBitMap*) 0x000002b97eb23290
 Prev Bits: [0x000002b913590000, 0x000002b917428000)
 Next Bits: [0x000002b917430000, 0x000002b91b2c8000)

Polling page: 0x000002b97ca70000

Metaspace:

Usage:
  Non-class:     12.93 MB used.
      Class:      1.01 MB used.
       Both:     13.94 MB used.

Virtual space:
  Non-class space:       16.00 MB reserved,      13.00 MB ( 81%) committed,  2 nodes.
      Class space:        1.00 GB reserved,       1.12 MB ( <1%) committed,  1 nodes.
             Both:        1.02 GB reserved,      14.12 MB (  1%) committed. 

Chunk freelists:
   Non-Class:  2.89 MB
       Class:  2.92 MB
        Both:  5.81 MB

MaxMetaspaceSize: unlimited
CompressedClassSpaceSize: 1.00 GB
Initial GC threshold: 21.00 MB
Current GC threshold: 21.00 MB
CDS: off
MetaspaceReclaimPolicy: balanced
 - commit_granule_bytes: 65536.
 - commit_granule_words: 8192.
 - virtual_space_node_default_size: 1048576.
 - enlarge_chunks_in_place: 1.
 - new_chunks_are_fully_committed: 0.
 - uncommit_free_chunks: 1.
 - use_allocation_guard: 0.
 - handle_deallocations: 1.


Internal statistics:

num_allocs_failed_limit: 0.
num_arena_births: 126.
num_arena_deaths: 0.
num_vsnodes_births: 3.
num_vsnodes_deaths: 0.
num_space_committed: 224.
num_space_uncommitted: 0.
num_chunks_returned_to_freelist: 0.
num_chunks_taken_from_freelist: 322.
num_chunk_merges: 0.
num_chunk_splits: 214.
num_chunks_enlarged: 155.
num_purges: 0.
num_inconsistent_stats: 0.

CodeHeap 'non-profiled nmethods': size=119168Kb used=384Kb max_used=384Kb free=118783Kb
 bounds [0x000002b90b170000, 0x000002b90b3e0000, 0x000002b9125d0000]
CodeHeap 'profiled nmethods': size=119104Kb used=2038Kb max_used=2038Kb free=117066Kb
 bounds [0x000002b903d20000, 0x000002b903f90000, 0x000002b90b170000]
CodeHeap 'non-nmethods': size=7488Kb used=2202Kb max_used=2789Kb free=5286Kb
 bounds [0x000002b9035d0000, 0x000002b903890000, 0x000002b903d20000]
 total_blobs=2256 nmethods=1190 adapters=978
 compilation: enabled
              stopped_count=0, restarted_count=0
 full_count=0

Compilation events (20 events):
Event: 5.405 Thread 0x000002b91eb476a0 nmethod 1179 0x000002b903f18a90 code [0x000002b903f18c20, 0x000002b903f18d58]
Event: 5.405 Thread 0x000002b91eb476a0 1180       3       org.joml.Matrix4f::lookAt (60 bytes)
Event: 5.405 Thread 0x000002b91e8acdf0 nmethod 1178 0x000002b903f18e10 code [0x000002b903f19020, 0x000002b903f19618]
Event: 5.405 Thread 0x000002b91e8acdf0 1181       3       org.joml.Matrix4f::lookAt (83 bytes)
Event: 5.405 Thread 0x000002b91eb476a0 nmethod 1180 0x000002b903f19910 code [0x000002b903f19b00, 0x000002b903f1a028]
Event: 5.405 Thread 0x000002b91eb476a0 1182       3       org.joml.Matrix4f::setLookAt (304 bytes)
Event: 5.405 Thread 0x000002b91e8acdf0 nmethod 1181 0x000002b903f1a290 code [0x000002b903f1a460, 0x000002b903f1a708]
Event: 5.405 Thread 0x000002b91e8acdf0 1183       3       org.lwjgl.opengl.GL20C::glUniform1iv (27 bytes)
Event: 5.406 Thread 0x000002b91e8acdf0 nmethod 1183 0x000002b903f1a810 code [0x000002b903f1aa00, 0x000002b903f1ae78]
Event: 5.406 Thread 0x000002b91e8acdf0 1184       3       org.lwjgl.opengl.GL::getICD (12 bytes)
Event: 5.406 Thread 0x000002b91e8acdf0 nmethod 1184 0x000002b903f1b090 code [0x000002b903f1b240, 0x000002b903f1b478]
Event: 5.406 Thread 0x000002b91e8acdf0 1185       3       org.lwjgl.opengl.GL$ICDStatic::get (4 bytes)
Event: 5.406 Thread 0x000002b91eb476a0 nmethod 1182 0x000002b903f1b590 code [0x000002b903f1b820, 0x000002b903f1c358]
Event: 5.406 Thread 0x000002b91e8acdf0 nmethod 1185 0x000002b903f1c890 code [0x000002b903f1ca20, 0x000002b903f1cb38]
Event: 5.406 Thread 0x000002b91e8acdf0 1186       3       org.lwjgl.opengl.GL::checkCapabilities (22 bytes)
Event: 5.406 Thread 0x000002b91eb476a0 1188       3       org.lwjgl.opengl.GL11::glDrawElements (8 bytes)
Event: 5.406 Thread 0x000002b91e8acdf0 nmethod 1186 0x000002b903f1cc10 code [0x000002b903f1cdc0, 0x000002b903f1cfe8]
Event: 5.406 Thread 0x000002b91eb476a0 nmethod 1188 0x000002b903f1d110 code [0x000002b903f1d2a0, 0x000002b903f1d3a8]
Event: 5.406 Thread 0x000002b91e8acdf0 1189       3       org.lwjgl.opengl.GL11C::glDrawElements (8 bytes)
Event: 5.406 Thread 0x000002b91e8acdf0 nmethod 1189 0x000002b903f1d490 code [0x000002b903f1d620, 0x000002b903f1d728]

GC Heap History (0 events):
No events

Deoptimization events (20 events):
Event: 0.615 Thread 0x000002b97c87b7f0 DEOPT PACKING pc=0x000002b90b18a1c0 sp=0x000000e51b4fb750
Event: 0.616 Thread 0x000002b97c87b7f0 DEOPT UNPACKING pc=0x000002b903625c23 sp=0x000000e51b4fb6d8 mode 2
Event: 2.019 Thread 0x000002b97c87b7f0 Uncommon trap: trap_request=0xffffff45 fr.pc=0x000002b90b18f510 relative=0x0000000000000170
Event: 2.019 Thread 0x000002b97c87b7f0 Uncommon trap: reason=unstable_if action=reinterpret pc=0x000002b90b18f510 method=java.util.zip.ZipFile$Source.isMetaName([BII)Z @ 43 c2
Event: 2.019 Thread 0x000002b97c87b7f0 DEOPT PACKING pc=0x000002b90b18f510 sp=0x000000e51b4fae30
Event: 2.019 Thread 0x000002b97c87b7f0 DEOPT UNPACKING pc=0x000002b903625c23 sp=0x000000e51b4fadc0 mode 2
Event: 2.381 Thread 0x000002b97c87b7f0 Uncommon trap: trap_request=0xffffff54 fr.pc=0x000002b90b1a4c60 relative=0x0000000000000060
Event: 2.381 Thread 0x000002b97c87b7f0 Uncommon trap: reason=speculate_null_assert action=make_not_entrant pc=0x000002b90b1a4c60 method=sun.misc.Unsafe.putLong(Ljava/lang/Object;JJ)V @ 7 c2
Event: 2.381 Thread 0x000002b97c87b7f0 DEOPT PACKING pc=0x000002b90b1a4c60 sp=0x000000e51b4fecb0
Event: 2.381 Thread 0x000002b97c87b7f0 DEOPT UNPACKING pc=0x000002b903625c23 sp=0x000000e51b4fec28 mode 2
Event: 2.593 Thread 0x000002b97c87b7f0 DEOPT PACKING pc=0x000002b903d2f465 sp=0x000000e51b4fbd30
Event: 2.593 Thread 0x000002b97c87b7f0 DEOPT UNPACKING pc=0x000002b903626763 sp=0x000000e51b4fb180 mode 0
Event: 2.663 Thread 0x000002b97c87b7f0 Uncommon trap: trap_request=0xffffff45 fr.pc=0x000002b90b1a483c relative=0x000000000000041c
Event: 2.663 Thread 0x000002b97c87b7f0 Uncommon trap: reason=unstable_if action=reinterpret pc=0x000002b90b1a483c method=java.lang.StringLatin1.newString([BII)Ljava/lang/String; @ 1 c2
Event: 2.663 Thread 0x000002b97c87b7f0 DEOPT PACKING pc=0x000002b90b1a483c sp=0x000000e51b4fd260
Event: 2.663 Thread 0x000002b97c87b7f0 DEOPT UNPACKING pc=0x000002b903625c23 sp=0x000000e51b4fd240 mode 2
Event: 2.749 Thread 0x000002b97c87b7f0 Uncommon trap: trap_request=0xffffff54 fr.pc=0x000002b90b1a7d5c relative=0x000000000000005c
Event: 2.749 Thread 0x000002b97c87b7f0 Uncommon trap: reason=speculate_null_assert action=make_not_entrant pc=0x000002b90b1a7d5c method=sun.misc.Unsafe.getLong(Ljava/lang/Object;J)J @ 5 c2
Event: 2.749 Thread 0x000002b97c87b7f0 DEOPT PACKING pc=0x000002b90b1a7d5c sp=0x000000e51b4fed10
Event: 2.749 Thread 0x000002b97c87b7f0 DEOPT UNPACKING pc=0x000002b903625c23 sp=0x000000e51b4fec98 mode 2

Classes unloaded (0 events):
No events

Classes redefined (0 events):
No events

Internal exceptions (20 events):
Event: 2.024 Thread 0x000002b97c87b7f0 Exception <a 'java/lang/NoSuchMethodError'{0x0000000714d7b1c8}: 'int java.lang.invoke.DirectMethodHandle$Holder.invokeStaticInit(java.lang.Object, java.lang.Object, int, long)'> (0x0000000714d7b1c8) 
thrown [e:\jenkins\tmp\workspace\build\src\src\hotspot\share\interpreter\linkResolver.cpp, line 766]
Event: 2.025 Thread 0x000002b97c87b7f0 Exception <a 'java/lang/NoSuchMethodError'{0x0000000714d80a90}: 'java.lang.Object java.lang.invoke.DirectMethodHandle$Holder.newInvokeSpecial(java.lang.Object, java.lang.Object, int)'> (0x0000000714d80a90) 
thrown [e:\jenkins\tmp\workspace\build\src\src\hotspot\share\interpreter\linkResolver.cpp, line 766]
Event: 2.031 Thread 0x000002b97c87b7f0 Exception <a 'java/lang/NoSuchMethodError'{0x0000000714d8f7c8}: 'int java.lang.invoke.DirectMethodHandle$Holder.invokeStaticInit(java.lang.Object, java.lang.Object, long, long)'> (0x0000000714d8f7c8) 
thrown [e:\jenkins\tmp\workspace\build\src\src\hotspot\share\interpreter\linkResolver.cpp, line 766]
Event: 2.032 Thread 0x000002b97c87b7f0 Exception <a 'java/lang/NoSuchMethodError'{0x0000000714d958d8}: 'java.lang.Object java.lang.invoke.DirectMethodHandle$Holder.newInvokeSpecial(java.lang.Object, java.lang.Object, long)'> (0x0000000714d958d8) 
thrown [e:\jenkins\tmp\workspace\build\src\src\hotspot\share\interpreter\linkResolver.cpp, line 766]
Event: 2.032 Thread 0x000002b97c87b7f0 Exception <a 'java/lang/NoSuchMethodError'{0x0000000714d99920}: 'java.lang.Object java.lang.invoke.Invokers$Holder.linkToTargetMethod(java.lang.Object, long, java.lang.Object)'> (0x0000000714d99920) 
thrown [e:\jenkins\tmp\workspace\build\src\src\hotspot\share\interpreter\linkResolver.cpp, line 766]
Event: 2.033 Thread 0x000002b97c87b7f0 Exception <a 'java/lang/NoSuchMethodError'{0x0000000714da1038}: 'int java.lang.invoke.DirectMethodHandle$Holder.invokeStaticInit(java.lang.Object, java.lang.Object, java.lang.Object, long)'> (0x0000000714da1038) 
thrown [e:\jenkins\tmp\workspace\build\src\src\hotspot\share\interpreter\linkResolver.cpp, line 766]
Event: 2.054 Thread 0x000002b97c87b7f0 Exception <a 'sun/nio/fs/WindowsException'{0x0000000714a04af0}> (0x0000000714a04af0) 
thrown [e:\jenkins\tmp\workspace\build\src\src\hotspot\share\prims\jni.cpp, line 516]
Event: 2.054 Thread 0x000002b97c87b7f0 Exception <a 'sun/nio/fs/WindowsException'{0x0000000714a04e90}> (0x0000000714a04e90) 
thrown [e:\jenkins\tmp\workspace\build\src\src\hotspot\share\prims\jni.cpp, line 516]
Event: 2.082 Thread 0x000002b97c87b7f0 Exception <a 'sun/nio/fs/WindowsException'{0x0000000714a98a08}> (0x0000000714a98a08) 
thrown [e:\jenkins\tmp\workspace\build\src\src\hotspot\share\prims\jni.cpp, line 516]
Event: 2.082 Thread 0x000002b97c87b7f0 Exception <a 'sun/nio/fs/WindowsException'{0x0000000714a98d78}> (0x0000000714a98d78) 
thrown [e:\jenkins\tmp\workspace\build\src\src\hotspot\share\prims\jni.cpp, line 516]
Event: 2.244 Thread 0x000002b97c87b7f0 Exception <a 'java/lang/NoSuchMethodError'{0x0000000714abea08}: 'void java.lang.invoke.DirectMethodHandle$Holder.invokeStaticInit(java.lang.Object, long, double, double)'> (0x0000000714abea08) 
thrown [e:\jenkins\tmp\workspace\build\src\src\hotspot\share\interpreter\linkResolver.cpp, line 766]
Event: 2.247 Thread 0x000002b97c87b7f0 Exception <a 'java/lang/NoSuchMethodError'{0x0000000714ad00f0}: 'void java.lang.invoke.DirectMethodHandle$Holder.invokeStaticInit(java.lang.Object, long, int, int, int)'> (0x0000000714ad00f0) 
thrown [e:\jenkins\tmp\workspace\build\src\src\hotspot\share\interpreter\linkResolver.cpp, line 766]
Event: 2.253 Thread 0x000002b97c87b7f0 Exception <a 'java/lang/NoSuchMethodError'{0x0000000714aed400}: 'void java.lang.invoke.DirectMethodHandle$Holder.invokeStaticInit(java.lang.Object, long, int, int, int, int)'> (0x0000000714aed400) 
thrown [e:\jenkins\tmp\workspace\build\src\src\hotspot\share\interpreter\linkResolver.cpp, line 766]
Event: 2.331 Thread 0x000002b97c87b7f0 Exception <a 'sun/nio/fs/WindowsException'{0x0000000714b31278}> (0x0000000714b31278) 
thrown [e:\jenkins\tmp\workspace\build\src\src\hotspot\share\prims\jni.cpp, line 516]
Event: 2.332 Thread 0x000002b97c87b7f0 Exception <a 'sun/nio/fs/WindowsException'{0x0000000714b31628}> (0x0000000714b31628) 
thrown [e:\jenkins\tmp\workspace\build\src\src\hotspot\share\prims\jni.cpp, line 516]
Event: 2.342 Thread 0x000002b97c87b7f0 Exception <a 'sun/nio/fs/WindowsException'{0x0000000714b44280}> (0x0000000714b44280) 
thrown [e:\jenkins\tmp\workspace\build\src\src\hotspot\share\prims\jni.cpp, line 516]
Event: 2.342 Thread 0x000002b97c87b7f0 Exception <a 'sun/nio/fs/WindowsException'{0x0000000714b44568}> (0x0000000714b44568) 
thrown [e:\jenkins\tmp\workspace\build\src\src\hotspot\share\prims\jni.cpp, line 516]
Event: 2.491 Thread 0x000002b97c87b7f0 Exception <a 'java/lang/ClassNotFoundException'{0x000000071460e060}: sun/awt/resources/spi/awtProvider> (0x000000071460e060) 
thrown [e:\jenkins\tmp\workspace\build\src\src\hotspot\share\classfile\systemDictionary.cpp, line 256]
Event: 2.518 Thread 0x000002b97c87b7f0 Exception <a 'java/io/FileNotFoundException'{0x000000071465c9c8}> (0x000000071465c9c8) 
thrown [e:\jenkins\tmp\workspace\build\src\src\hotspot\share\prims\jni.cpp, line 516]
Event: 2.525 Thread 0x000002b97c87b7f0 Exception <a 'java/io/FileNotFoundException'{0x0000000714689b70}> (0x0000000714689b70) 
thrown [e:\jenkins\tmp\workspace\build\src\src\hotspot\share\prims\jni.cpp, line 516]

VM Operations (14 events):
Event: 0.260 Executing VM operation: HandshakeAllThreads
Event: 0.260 Executing VM operation: HandshakeAllThreads done
Event: 0.605 Executing VM operation: HandshakeAllThreads
Event: 0.605 Executing VM operation: HandshakeAllThreads done
Event: 0.616 Executing VM operation: HandshakeAllThreads
Event: 0.616 Executing VM operation: HandshakeAllThreads done
Event: 1.616 Executing VM operation: Cleanup
Event: 1.617 Executing VM operation: Cleanup done
Event: 2.020 Executing VM operation: HandshakeAllThreads
Event: 2.020 Executing VM operation: HandshakeAllThreads done
Event: 2.479 Executing VM operation: HandshakeAllThreads
Event: 2.479 Executing VM operation: HandshakeAllThreads done
Event: 3.487 Executing VM operation: Cleanup
Event: 3.487 Executing VM operation: Cleanup done

Events (20 events):
Event: 2.563 loading class java/io/RandomAccessFile$1
Event: 2.563 loading class java/io/RandomAccessFile$1 done
Event: 2.590 loading class java/io/FileReader
Event: 2.590 loading class java/io/FileReader done
Event: 2.661 loading class java/text/DecimalFormat
Event: 2.662 loading class java/text/NumberFormat
Event: 2.662 loading class java/text/Format
Event: 2.662 loading class java/text/Format done
Event: 2.662 loading class java/text/NumberFormat done
Event: 2.662 loading class java/text/DecimalFormat done
Event: 2.663 loading class java/text/FieldPosition
Event: 2.663 loading class java/text/FieldPosition done
Event: 2.663 loading class java/text/DigitList
Event: 2.663 loading class java/text/DigitList done
Event: 2.663 loading class java/math/RoundingMode
Event: 2.663 loading class java/math/RoundingMode done
Event: 2.671 loading class java/lang/SecurityException
Event: 2.671 loading class java/lang/SecurityException done
Event: 2.847 Thread 0x000002b920b318c0 Thread exited: 0x000002b920b318c0
Event: 5.405 Thread 0x000002b91eb6bbe0 Thread exited: 0x000002b91eb6bbe0


Dynamic libraries:
0x00007ff7a3750000 - 0x00007ff7a375e000 	C:\Users\maeth\.p2\pool\plugins\org.eclipse.justj.openjdk.hotspot.jre.full.win32.x86_64_17.0.1.v20211116-1657\jre\bin\javaw.exe
0x00007ffde18a0000 - 0x00007ffde1aa9000 	C:\windows\SYSTEM32\ntdll.dll
0x00007ffde0df0000 - 0x00007ffde0ead000 	C:\windows\System32\KERNEL32.DLL
0x00007ffdded90000 - 0x00007ffddf104000 	C:\windows\System32\KERNELBASE.dll
0x00007ffddf560000 - 0x00007ffddf671000 	C:\windows\System32\ucrtbase.dll
0x00007ffdce0e0000 - 0x00007ffdce0f9000 	C:\Users\maeth\.p2\pool\plugins\org.eclipse.justj.openjdk.hotspot.jre.full.win32.x86_64_17.0.1.v20211116-1657\jre\bin\VCRUNTIME140.dll
0x00007ffdc57a0000 - 0x00007ffdc57b8000 	C:\Users\maeth\.p2\pool\plugins\org.eclipse.justj.openjdk.hotspot.jre.full.win32.x86_64_17.0.1.v20211116-1657\jre\bin\jli.dll
0x00007ffddf7d0000 - 0x00007ffddf97c000 	C:\windows\System32\USER32.dll
0x00007ffddf4b0000 - 0x00007ffddf4d6000 	C:\windows\System32\win32u.dll
0x00007ffde0530000 - 0x00007ffde0559000 	C:\windows\System32\GDI32.dll
0x00007ffdcd420000 - 0x00007ffdcd6c5000 	C:\windows\WinSxS\amd64_microsoft.windows.common-controls_6595b64144ccf1df_6.0.22000.120_none_9d947278b86cc467\COMCTL32.dll
0x00007ffddf280000 - 0x00007ffddf392000 	C:\windows\System32\gdi32full.dll
0x00007ffddf410000 - 0x00007ffddf4ad000 	C:\windows\System32\msvcp_win.dll
0x00007ffde15d0000 - 0x00007ffde1673000 	C:\windows\System32\msvcrt.dll
0x00007ffde0c20000 - 0x00007ffde0c51000 	C:\windows\System32\IMM32.DLL
0x00007ffdcfbc0000 - 0x00007ffdcfbcc000 	C:\Users\maeth\.p2\pool\plugins\org.eclipse.justj.openjdk.hotspot.jre.full.win32.x86_64_17.0.1.v20211116-1657\jre\bin\vcruntime140_1.dll
0x00007ffd97730000 - 0x00007ffd977c1000 	C:\Users\maeth\.p2\pool\plugins\org.eclipse.justj.openjdk.hotspot.jre.full.win32.x86_64_17.0.1.v20211116-1657\jre\bin\msvcp140.dll
0x00007ffd88290000 - 0x00007ffd88ed6000 	C:\Users\maeth\.p2\pool\plugins\org.eclipse.justj.openjdk.hotspot.jre.full.win32.x86_64_17.0.1.v20211116-1657\jre\bin\server\jvm.dll
0x00007ffde0d40000 - 0x00007ffde0dee000 	C:\windows\System32\ADVAPI32.dll
0x00007ffde1680000 - 0x00007ffde171e000 	C:\windows\System32\sechost.dll
0x00007ffde1740000 - 0x00007ffde1860000 	C:\windows\System32\RPCRT4.dll
0x00007ffde05e0000 - 0x00007ffde05e8000 	C:\windows\System32\PSAPI.DLL
0x00007ffdd77b0000 - 0x00007ffdd77ba000 	C:\windows\SYSTEM32\VERSION.dll
0x00007ffdd7cd0000 - 0x00007ffdd7d03000 	C:\windows\SYSTEM32\WINMM.dll
0x00007ffdd8510000 - 0x00007ffdd8519000 	C:\windows\SYSTEM32\WSOCK32.dll
0x00007ffddf740000 - 0x00007ffddf7af000 	C:\windows\System32\WS2_32.dll
0x00007ffdddf80000 - 0x00007ffdddf98000 	C:\windows\SYSTEM32\kernel.appcore.dll
0x00007ffdd8270000 - 0x00007ffdd827a000 	C:\Users\maeth\.p2\pool\plugins\org.eclipse.justj.openjdk.hotspot.jre.full.win32.x86_64_17.0.1.v20211116-1657\jre\bin\jimage.dll
0x00007ffddc930000 - 0x00007ffddcb51000 	C:\windows\SYSTEM32\DBGHELP.DLL
0x00007ffdd0220000 - 0x00007ffdd0251000 	C:\windows\SYSTEM32\dbgcore.DLL
0x00007ffddf4e0000 - 0x00007ffddf55f000 	C:\windows\System32\bcryptPrimitives.dll
0x00007ffdd49d0000 - 0x00007ffdd49f5000 	C:\Users\maeth\.p2\pool\plugins\org.eclipse.justj.openjdk.hotspot.jre.full.win32.x86_64_17.0.1.v20211116-1657\jre\bin\java.dll
0x00007ffdd49b0000 - 0x00007ffdd49c8000 	C:\Users\maeth\.p2\pool\plugins\org.eclipse.justj.openjdk.hotspot.jre.full.win32.x86_64_17.0.1.v20211116-1657\jre\bin\zip.dll
0x00007ffddf9e0000 - 0x00007ffde018f000 	C:\windows\System32\SHELL32.dll
0x00007ffddcf10000 - 0x00007ffddd778000 	C:\windows\SYSTEM32\windows.storage.dll
0x00007ffde05f0000 - 0x00007ffde0968000 	C:\windows\System32\combase.dll
0x00007ffddcda0000 - 0x00007ffddcf06000 	C:\windows\SYSTEM32\wintypes.dll
0x00007ffde0eb0000 - 0x00007ffde0f9a000 	C:\windows\System32\SHCORE.dll
0x00007ffddf980000 - 0x00007ffddf9dd000 	C:\windows\System32\shlwapi.dll
0x00007ffddecc0000 - 0x00007ffddece1000 	C:\windows\SYSTEM32\profapi.dll
0x00007ffdd4990000 - 0x00007ffdd49a9000 	C:\Users\maeth\.p2\pool\plugins\org.eclipse.justj.openjdk.hotspot.jre.full.win32.x86_64_17.0.1.v20211116-1657\jre\bin\net.dll
0x00007ffdd8150000 - 0x00007ffdd825c000 	C:\windows\SYSTEM32\WINHTTP.dll
0x00007ffdde3b0000 - 0x00007ffdde417000 	C:\windows\system32\mswsock.dll
0x00007ffdd4970000 - 0x00007ffdd4985000 	C:\Users\maeth\.p2\pool\plugins\org.eclipse.justj.openjdk.hotspot.jre.full.win32.x86_64_17.0.1.v20211116-1657\jre\bin\nio.dll
0x00007ffd8df00000 - 0x00007ffd8df71000 	C:\Users\maeth\AppData\Local\Temp\lwjglmaeth\3.3.0-build-21\lwjgl.dll
0x00007ffd6bc60000 - 0x00007ffd6beb6000 	C:\Users\maeth\AppData\Local\Temp\lwjglmaeth\3.3.0-build-21\jemalloc.dll
0x00007ffd86cc0000 - 0x00007ffd86d21000 	C:\Users\maeth\AppData\Local\Temp\lwjglmaeth\3.3.0-build-21\glfw.dll
0x00007ffd98150000 - 0x00007ffd98195000 	C:\windows\SYSTEM32\dinput8.dll
0x00007ffdb64e0000 - 0x00007ffdb64f1000 	C:\windows\SYSTEM32\xinput1_4.dll
0x00007ffddea60000 - 0x00007ffddeaac000 	C:\windows\SYSTEM32\cfgmgr32.dll
0x00007ffddeab0000 - 0x00007ffddeadc000 	C:\windows\SYSTEM32\DEVOBJ.dll
0x00007ffddc2c0000 - 0x00007ffddc2ef000 	C:\windows\SYSTEM32\dwmapi.dll
0x00007ffdb59e0000 - 0x00007ffdb5ba9000 	C:\windows\SYSTEM32\inputhost.dll
0x00007ffdd90b0000 - 0x00007ffdd91e2000 	C:\windows\SYSTEM32\CoreMessaging.dll
0x00007ffdde610000 - 0x00007ffdde61c000 	C:\windows\SYSTEM32\CRYPTBASE.DLL
0x00007ffdd9890000 - 0x00007ffdd993c000 	C:\windows\system32\uxtheme.dll
0x00007ffde0aa0000 - 0x00007ffde0bbe000 	C:\windows\System32\MSCTF.dll
0x00007ffd9df10000 - 0x00007ffd9e011000 	C:\windows\SYSTEM32\opengl32.dll
0x00007ffd9dea0000 - 0x00007ffd9decd000 	C:\windows\SYSTEM32\GLU32.dll
0x00007ffddc100000 - 0x00007ffddc138000 	C:\windows\SYSTEM32\dxcore.dll
0x00007ffdcd6d0000 - 0x00007ffdcd714000 	C:\windows\SYSTEM32\directxdatabasehelper.dll
0x00007ffddc1a0000 - 0x00007ffddc1d4000 	C:\windows\SYSTEM32\ntmarta.dll
0x00007ffde0390000 - 0x00007ffde043f000 	C:\windows\System32\clbcatq.dll
0x00007ffd55cc0000 - 0x00007ffd56ca3000 	C:\windows\System32\DriverStore\FileRepository\iigd_dch.inf_amd64_044f9a2ee7ccc703\igxelpicd64.dll
0x00007ffde01f0000 - 0x00007ffde038a000 	C:\windows\System32\ole32.dll
0x00007ffdd9a00000 - 0x00007ffdd9af3000 	C:\windows\system32\dxgi.dll
0x00007ffd68f90000 - 0x00007ffd6939d000 	C:\windows\System32\DriverStore\FileRepository\iigd_dch.inf_amd64_044f9a2ee7ccc703\igdml64.dll
0x00007ffdc5f90000 - 0x00007ffdc6355000 	C:\windows\System32\DriverStore\FileRepository\iigd_dch.inf_amd64_044f9a2ee7ccc703\igdgmm64.dll
0x00007ffdbe870000 - 0x00007ffdc1d33000 	C:\windows\System32\DriverStore\FileRepository\iigd_dch.inf_amd64_044f9a2ee7ccc703\igc64.dll
0x00007ffddd790000 - 0x00007ffddd7dd000 	C:\windows\SYSTEM32\powrprof.dll
0x00007ffddd880000 - 0x00007ffddd893000 	C:\windows\SYSTEM32\UMPDC.dll
0x00007ffdbc350000 - 0x00007ffdbc47d000 	C:\windows\SYSTEM32\textinputframework.dll
0x00007ffde0c60000 - 0x00007ffde0d36000 	C:\windows\System32\OLEAUT32.dll
0x00007ffdcbc10000 - 0x00007ffdcbf7d000 	C:\windows\SYSTEM32\CoreUIComponents.dll
0x00007ffd86fa0000 - 0x00007ffd86ffd000 	C:\Users\maeth\AppData\Local\Temp\lwjglmaeth\3.3.0-build-21\lwjgl_opengl.dll
0x00007ffdd4590000 - 0x00007ffdd45a0000 	C:\Users\maeth\.p2\pool\plugins\org.eclipse.justj.openjdk.hotspot.jre.full.win32.x86_64_17.0.1.v20211116-1657\jre\bin\verify.dll
0x00007ffdcf8e0000 - 0x00007ffdcfa6e000 	C:\Users\maeth\.p2\pool\plugins\org.eclipse.justj.openjdk.hotspot.jre.full.win32.x86_64_17.0.1.v20211116-1657\jre\bin\awt.dll
0x00007ffdd97a0000 - 0x00007ffdd9831000 	C:\windows\SYSTEM32\apphelp.dll
0x00007ffd91c40000 - 0x00007ffd9207e000 	C:\Windows\System32\uiautomationcore.dll
0x00007ffdde4a0000 - 0x00007ffdde4c9000 	C:\Windows\System32\USERENV.dll
0x00007ffdd7f80000 - 0x00007ffdd7fe9000 	C:\Windows\System32\OLEACC.dll

dbghelp: loaded successfully - version: 4.0.5 - missing functions: none
symbol engine: initialized successfully - sym options: 0x614 - pdb path: .;C:\Users\maeth\.p2\pool\plugins\org.eclipse.justj.openjdk.hotspot.jre.full.win32.x86_64_17.0.1.v20211116-1657\jre\bin;C:\windows\SYSTEM32;C:\windows\WinSxS\amd64_microsoft.windows.common-controls_6595b64144ccf1df_6.0.22000.120_none_9d947278b86cc467;C:\Users\maeth\.p2\pool\plugins\org.eclipse.justj.openjdk.hotspot.jre.full.win32.x86_64_17.0.1.v20211116-1657\jre\bin\server;C:\Users\maeth\AppData\Local\Temp\lwjglmaeth\3.3.0-build-21;C:\windows\System32\DriverStore\FileRepository\iigd_dch.inf_amd64_044f9a2ee7ccc703

VM Arguments:
jvm_args: -ea -Dfile.encoding=Cp1252 -XX:+ShowCodeDetailsInExceptionMessages 
java_command: main.Main
java_class_path (initial): C:\Users\maeth\Coding Projects\Java\workspace\OTHS\bin;C:\Users\maeth\Coding Projects\Java\workspace\OTHS\library\lwjgl.jar;C:\Users\maeth\Coding Projects\Java\workspace\OTHS\library\lwjgl-assimp.jar;C:\Users\maeth\Coding Projects\Java\workspace\OTHS\library\lwjgl-assimp-javadoc.jar;C:\Users\maeth\Coding Projects\Java\workspace\OTHS\library\lwjgl-assimp-natives-windows.jar;C:\Users\maeth\Coding Projects\Java\workspace\OTHS\library\lwjgl-assimp-sources.jar;C:\Users\maeth\Coding Projects\Java\workspace\OTHS\library\lwjgl-bgfx.jar;C:\Users\maeth\Coding Projects\Java\workspace\OTHS\library\lwjgl-bgfx-javadoc.jar;C:\Users\maeth\Coding Projects\Java\workspace\OTHS\library\lwjgl-bgfx-natives-windows.jar;C:\Users\maeth\Coding Projects\Java\workspace\OTHS\library\lwjgl-bgfx-sources.jar;C:\Users\maeth\Coding Projects\Java\workspace\OTHS\library\lwjgl-cuda.jar;C:\Users\maeth\Coding Projects\Java\workspace\OTHS\library\lwjgl-cuda-javadoc.jar;C:\Users\maeth\Coding Projects\Java\workspace\OTHS\library\lwjgl-cuda-sources.jar;C:\Users\maeth\Coding Projects\Java\workspace\OTHS\library\lwjgl-egl.jar;C:\Users\maeth\Coding Projects\Java\workspace\OTHS\library\lwjgl-egl-javadoc.jar;C:\Users\maeth\Coding Projects\Java\workspace\OTHS\library\lwjgl-egl-sources.jar;C:\Users\maeth\Coding Projects\Java\workspace\OTHS\library\lwjgl-glfw.jar;C:\Users\maeth\Coding Projects\Java\workspace\OTHS\library\lwjgl-glfw-javadoc.jar;C:\Users\maeth\Coding Projects\Java\workspace\OTHS\library\lwjgl-glfw-natives-windows.jar;C:\Users\maeth\Coding Projects\Java\workspace\OTHS\library\lwjgl-glfw-sources.jar;C:\Users\maeth\Coding Projects\Java\workspace\OTHS\library\lwjgl-javadoc.jar;C:\Users\maeth\Coding Projects\Java\workspace\OTHS\library\lwjgl-jawt.jar;C:\Users\maeth\Coding Projects\Java\workspace\OTHS\library\lwjgl-jawt-javadoc.jar;C:\Users\maeth\Coding Projects\Java\workspace\OTHS\library\lwjgl-jawt-sources.jar;C:\Users\maeth\Coding Projects\Java\workspace\OTHS\library\lwjgl-je
Launcher Type: SUN_STANDARD

[Global flags]
     intx CICompilerCount                          = 12                                        {product} {ergonomic}
     uint ConcGCThreads                            = 3                                         {product} {ergonomic}
     uint G1ConcRefinementThreads                  = 13                                        {product} {ergonomic}
   size_t G1HeapRegionSize                         = 2097152                                   {product} {ergonomic}
    uintx GCDrainStackTargetSize                   = 64                                        {product} {ergonomic}
   size_t InitialHeapSize                          = 264241152                                 {product} {ergonomic}
   size_t MarkStackSize                            = 4194304                                   {product} {ergonomic}
   size_t MaxHeapSize                              = 4200595456                                {product} {ergonomic}
   size_t MaxNewSize                               = 2518679552                                {product} {ergonomic}
   size_t MinHeapDeltaBytes                        = 2097152                                   {product} {ergonomic}
   size_t MinHeapSize                              = 8388608                                   {product} {ergonomic}
    uintx NonNMethodCodeHeapSize                   = 7602480                                {pd product} {ergonomic}
    uintx NonProfiledCodeHeapSize                  = 122027880                              {pd product} {ergonomic}
    uintx ProfiledCodeHeapSize                     = 122027880                              {pd product} {ergonomic}
    uintx ReservedCodeCacheSize                    = 251658240                              {pd product} {ergonomic}
     bool SegmentedCodeCache                       = true                                      {product} {ergonomic}
     bool ShowCodeDetailsInExceptionMessages       = true                                   {manageable} {command line}
   size_t SoftMaxHeapSize                          = 4200595456                             {manageable} {ergonomic}
     bool UseCompressedClassPointers               = true                           {product lp64_product} {ergonomic}
     bool UseCompressedOops                        = true                           {product lp64_product} {ergonomic}
     bool UseG1GC                                  = true                                      {product} {ergonomic}
     bool UseLargePagesIndividualAllocation        = false                                  {pd product} {ergonomic}

Logging:
Log output configuration:
 #0: stdout all=warning uptime,level,tags
 #1: stderr all=off uptime,level,tags

Environment Variables:
PATH=C:/Users/maeth/.p2/pool/plugins/org.eclipse.justj.openjdk.hotspot.jre.full.win32.x86_64_17.0.1.v20211116-1657/jre/bin/server;C:/Users/maeth/.p2/pool/plugins/org.eclipse.justj.openjdk.hotspot.jre.full.win32.x86_64_17.0.1.v20211116-1657/jre/bin;C:\Program Files (x86)\Common Files\Oracle\Java\javapath;C:\windows\system32;C:\windows;C:\windows\System32\Wbem;C:\windows\System32\WindowsPowerShell\v1.0\;C:\windows\System32\OpenSSH\;C:\Program Files (x86)\NVIDIA Corporation\PhysX\Common;C:\Program Files\NVIDIA Corporation\NVIDIA NvDLISR;C:\msys64\mingw64\bin;C:\Program Files\Git\cmd;C:\Program Files (x86)\Git\cmd;C:\Users\maeth\AppData\Local\Microsoft\WindowsApps;C:\Users\maeth\AppData\Local\Programs\Microsoft VS Code\bin;C:\msys64\mingw64\bin;;C:\Users\maeth\Desktop;
USERNAME=maeth
OS=Windows_NT
PROCESSOR_IDENTIFIER=Intel64 Family 6 Model 141 Stepping 1, GenuineIntel



---------------  S Y S T E M  ---------------

OS:
 Windows 10 , 64 bit Build 22000 (10.0.22000.613)
OS uptime: 7 days 4:09 hours

CPU: total 16 (initial active 16) (8 cores per cpu, 2 threads per core) family 6 model 141 stepping 1 microcode 0x34, cx8, cmov, fxsr, ht, mmx, 3dnowpref, sse, sse2, sse3, ssse3, sse4.1, sse4.2, popcnt, lzcnt, tsc, tscinvbit, avx, avx2, aes, erms, clmul, bmi1, bmi2, adx, avx512f, avx512dq, avx512cd, avx512bw, avx512vl, sha, fma, vzeroupper, avx512_vpopcntdq, avx512_vpclmulqdq, avx512_vaes, avx512_vnni, clflush, clflushopt, clwb, avx512_vbmi2, avx512_vbmi

Memory: 4k page, system-wide physical 16021M (7205M free)
TotalPageFile size 29869M (AvailPageFile size 4804M)
current process WorkingSet (physical memory assigned to process): 185M, peak: 190M
current process commit charge ("private bytes"): 415M, peak: 423M

vm_info: OpenJDK 64-Bit Server VM (17.0.1+12) for windows-amd64 JRE (17.0.1+12), built on Oct 20 2021 07:42:55 by "" with MS VC++ 16.7 (VS2019)

END.
